  Camera.cpp
  OpenGL.cpp
Framework\OpenGL.cpp(9): warning C4305: 'argument': truncation from 'int' to 'GLboolean'
Framework\OpenGL.cpp(9): warning C4309: 'argument': truncation of constant value
  Scene.cpp
c:\users\samue\documents\workspace\openglframework\openglframework\openglframework\Utils/Color.h(6): warning C4005: 'TRANSPARENT': macro redefinition
  C:\Program Files (x86)\Windows Kits\8.1\Include\um\wingdi.h(1861): note: see previous definition of 'TRANSPARENT'
c:\users\samue\documents\workspace\openglframework\openglframework\openglframework\utils\..\Dependencies\cimg\CImg.h(2342): warning C4267: 'initializing': conversion from 'size_t' to 'int', possible loss of data
c:\users\samue\documents\workspace\openglframework\openglframework\openglframework\utils\..\Dependencies\cimg\CImg.h(2342): warning C4267: 'initializing': conversion from 'size_t' to 'const int', possible loss of data
c:\users\samue\documents\workspace\openglframework\openglframework\openglframework\utils\..\Dependencies\cimg\CImg.h(2349): warning C4267: 'initializing': conversion from 'size_t' to 'int', possible loss of data
c:\users\samue\documents\workspace\openglframework\openglframework\openglframework\utils\..\Dependencies\cimg\CImg.h(2349): warning C4267: 'initializing': conversion from 'size_t' to 'const int', possible loss of data
c:\users\samue\documents\workspace\openglframework\openglframework\openglframework\utils\..\Dependencies\cimg\CImg.h(2366): warning C4267: 'initializing': conversion from 'size_t' to 'int', possible loss of data
c:\users\samue\documents\workspace\openglframework\openglframework\openglframework\utils\..\Dependencies\cimg\CImg.h(2366): warning C4267: 'initializing': conversion from 'size_t' to 'const int', possible loss of data
c:\users\samue\documents\workspace\openglframework\openglframework\openglframework\utils\..\Dependencies\cimg\CImg.h(2373): warning C4267: 'initializing': conversion from 'size_t' to 'int', possible loss of data
c:\users\samue\documents\workspace\openglframework\openglframework\openglframework\utils\..\Dependencies\cimg\CImg.h(2373): warning C4267: 'initializing': conversion from 'size_t' to 'const int', possible loss of data
c:\users\samue\documents\workspace\openglframework\openglframework\openglframework\utils\..\Dependencies\cimg\CImg.h(14832): warning C4319: '~': zero extending 'unsigned long' to 'const double' of greater size
  c:\users\samue\documents\workspace\openglframework\openglframework\openglframework\utils\..\Dependencies\cimg\CImg.h(14295): note: while compiling class template member function 'unsigned int cimg_library::CImg<float>::_cimg_math_parser::compile(char *,char *,unsigned int *)'
  c:\users\samue\documents\workspace\openglframework\openglframework\openglframework\utils\..\Dependencies\cimg\CImg.h(14222): note: see reference to function template instantiation 'unsigned int cimg_library::CImg<float>::_cimg_math_parser::compile(char *,char *,unsigned int *)' being compiled
  c:\users\samue\documents\workspace\openglframework\openglframework\openglframework\utils\..\Dependencies\cimg\CImg.h(18057): note: see reference to class template instantiation 'cimg_library::CImg<float>::_cimg_math_parser' being compiled
  c:\users\samue\documents\workspace\openglframework\openglframework\openglframework\utils\..\Dependencies\cimg\CImg.h(18047): note: while compiling class template member function 'double cimg_library::CImg<float>::_eval(cimg_library::CImg<float> *const ,const char *const ,const double,const double,const double,const double,const cimg_library::CImgList<float> *const ,cimg_library::CImgList<float> *const ) const'
  c:\users\samue\documents\workspace\openglframework\openglframework\openglframework\utils\..\Dependencies\cimg\CImg.h(18042): note: see reference to function template instantiation 'double cimg_library::CImg<float>::_eval(cimg_library::CImg<float> *const ,const char *const ,const double,const double,const double,const double,const cimg_library::CImgList<float> *const ,cimg_library::CImgList<float> *const ) const' being compiled
  c:\users\samue\documents\workspace\openglframework\openglframework\openglframework\utils\..\Dependencies\cimg\CImg.h(29738): note: see reference to class template instantiation 'cimg_library::CImg<float>' being compiled
  c:\users\samue\documents\workspace\openglframework\openglframework\openglframework\utils\..\Dependencies\cimg\CImg.h(52418): note: see reference to class template instantiation 'cimg_library::CImg<char>' being compiled
c:\users\samue\documents\workspace\openglframework\openglframework\openglframework\utils\..\Dependencies\cimg\CImg.h(15721): warning C4319: '~': zero extending 'unsigned long' to 'double' of greater size
  c:\users\samue\documents\workspace\openglframework\openglframework\openglframework\utils\..\Dependencies\cimg\CImg.h(15720): note: while compiling class template member function 'double cimg_library::CImg<float>::_cimg_math_parser::mp_bitwise_not(cimg_library::CImg<float>::_cimg_math_parser &)'
  c:\users\samue\documents\workspace\openglframework\openglframework\openglframework\utils\..\Dependencies\cimg\CImg.h(14833): note: see reference to function template instantiation 'double cimg_library::CImg<float>::_cimg_math_parser::mp_bitwise_not(cimg_library::CImg<float>::_cimg_math_parser &)' being compiled
  Skybox.cpp
c:\users\samue\documents\workspace\openglframework\openglframework\openglframework\Utils/Color.h(6): warning C4005: 'TRANSPARENT': macro redefinition
  C:\Program Files (x86)\Windows Kits\8.1\Include\um\wingdi.h(1861): note: see previous definition of 'TRANSPARENT'
c:\users\samue\documents\workspace\openglframework\openglframework\openglframework\utils\..\Dependencies\cimg\CImg.h(2342): warning C4267: 'initializing': conversion from 'size_t' to 'int', possible loss of data
c:\users\samue\documents\workspace\openglframework\openglframework\openglframework\utils\..\Dependencies\cimg\CImg.h(2342): warning C4267: 'initializing': conversion from 'size_t' to 'const int', possible loss of data
c:\users\samue\documents\workspace\openglframework\openglframework\openglframework\utils\..\Dependencies\cimg\CImg.h(2349): warning C4267: 'initializing': conversion from 'size_t' to 'int', possible loss of data
c:\users\samue\documents\workspace\openglframework\openglframework\openglframework\utils\..\Dependencies\cimg\CImg.h(2349): warning C4267: 'initializing': conversion from 'size_t' to 'const int', possible loss of data
c:\users\samue\documents\workspace\openglframework\openglframework\openglframework\utils\..\Dependencies\cimg\CImg.h(2366): warning C4267: 'initializing': conversion from 'size_t' to 'int', possible loss of data
c:\users\samue\documents\workspace\openglframework\openglframework\openglframework\utils\..\Dependencies\cimg\CImg.h(2366): warning C4267: 'initializing': conversion from 'size_t' to 'const int', possible loss of data
c:\users\samue\documents\workspace\openglframework\openglframework\openglframework\utils\..\Dependencies\cimg\CImg.h(2373): warning C4267: 'initializing': conversion from 'size_t' to 'int', possible loss of data
c:\users\samue\documents\workspace\openglframework\openglframework\openglframework\utils\..\Dependencies\cimg\CImg.h(2373): warning C4267: 'initializing': conversion from 'size_t' to 'const int', possible loss of data
c:\users\samue\documents\workspace\openglframework\openglframework\openglframework\utils\..\Dependencies\cimg\CImg.h(14832): warning C4319: '~': zero extending 'unsigned long' to 'const double' of greater size
  c:\users\samue\documents\workspace\openglframework\openglframework\openglframework\utils\..\Dependencies\cimg\CImg.h(14295): note: while compiling class template member function 'unsigned int cimg_library::CImg<float>::_cimg_math_parser::compile(char *,char *,unsigned int *)'
  c:\users\samue\documents\workspace\openglframework\openglframework\openglframework\utils\..\Dependencies\cimg\CImg.h(14222): note: see reference to function template instantiation 'unsigned int cimg_library::CImg<float>::_cimg_math_parser::compile(char *,char *,unsigned int *)' being compiled
  c:\users\samue\documents\workspace\openglframework\openglframework\openglframework\utils\..\Dependencies\cimg\CImg.h(18057): note: see reference to class template instantiation 'cimg_library::CImg<float>::_cimg_math_parser' being compiled
  c:\users\samue\documents\workspace\openglframework\openglframework\openglframework\utils\..\Dependencies\cimg\CImg.h(18047): note: while compiling class template member function 'double cimg_library::CImg<float>::_eval(cimg_library::CImg<float> *const ,const char *const ,const double,const double,const double,const double,const cimg_library::CImgList<float> *const ,cimg_library::CImgList<float> *const ) const'
  c:\users\samue\documents\workspace\openglframework\openglframework\openglframework\utils\..\Dependencies\cimg\CImg.h(18042): note: see reference to function template instantiation 'double cimg_library::CImg<float>::_eval(cimg_library::CImg<float> *const ,const char *const ,const double,const double,const double,const double,const cimg_library::CImgList<float> *const ,cimg_library::CImgList<float> *const ) const' being compiled
  c:\users\samue\documents\workspace\openglframework\openglframework\openglframework\utils\..\Dependencies\cimg\CImg.h(29738): note: see reference to class template instantiation 'cimg_library::CImg<float>' being compiled
  c:\users\samue\documents\workspace\openglframework\openglframework\openglframework\utils\..\Dependencies\cimg\CImg.h(52418): note: see reference to class template instantiation 'cimg_library::CImg<char>' being compiled
c:\users\samue\documents\workspace\openglframework\openglframework\openglframework\utils\..\Dependencies\cimg\CImg.h(15721): warning C4319: '~': zero extending 'unsigned long' to 'double' of greater size
  c:\users\samue\documents\workspace\openglframework\openglframework\openglframework\utils\..\Dependencies\cimg\CImg.h(15720): note: while compiling class template member function 'double cimg_library::CImg<float>::_cimg_math_parser::mp_bitwise_not(cimg_library::CImg<float>::_cimg_math_parser &)'
  c:\users\samue\documents\workspace\openglframework\openglframework\openglframework\utils\..\Dependencies\cimg\CImg.h(14833): note: see reference to function template instantiation 'double cimg_library::CImg<float>::_cimg_math_parser::mp_bitwise_not(cimg_library::CImg<float>::_cimg_math_parser &)' being compiled
  Window.cpp
c:\users\samue\documents\workspace\openglframework\openglframework\openglframework\Utils/Color.h(6): warning C4005: 'TRANSPARENT': macro redefinition
  C:\Program Files (x86)\Windows Kits\8.1\Include\um\wingdi.h(1861): note: see previous definition of 'TRANSPARENT'
c:\users\samue\documents\workspace\openglframework\openglframework\openglframework\utils\..\Dependencies\cimg\CImg.h(2342): warning C4267: 'initializing': conversion from 'size_t' to 'int', possible loss of data
c:\users\samue\documents\workspace\openglframework\openglframework\openglframework\utils\..\Dependencies\cimg\CImg.h(2342): warning C4267: 'initializing': conversion from 'size_t' to 'const int', possible loss of data
c:\users\samue\documents\workspace\openglframework\openglframework\openglframework\utils\..\Dependencies\cimg\CImg.h(2349): warning C4267: 'initializing': conversion from 'size_t' to 'int', possible loss of data
c:\users\samue\documents\workspace\openglframework\openglframework\openglframework\utils\..\Dependencies\cimg\CImg.h(2349): warning C4267: 'initializing': conversion from 'size_t' to 'const int', possible loss of data
c:\users\samue\documents\workspace\openglframework\openglframework\openglframework\utils\..\Dependencies\cimg\CImg.h(2366): warning C4267: 'initializing': conversion from 'size_t' to 'int', possible loss of data
c:\users\samue\documents\workspace\openglframework\openglframework\openglframework\utils\..\Dependencies\cimg\CImg.h(2366): warning C4267: 'initializing': conversion from 'size_t' to 'const int', possible loss of data
c:\users\samue\documents\workspace\openglframework\openglframework\openglframework\utils\..\Dependencies\cimg\CImg.h(2373): warning C4267: 'initializing': conversion from 'size_t' to 'int', possible loss of data
c:\users\samue\documents\workspace\openglframework\openglframework\openglframework\utils\..\Dependencies\cimg\CImg.h(2373): warning C4267: 'initializing': conversion from 'size_t' to 'const int', possible loss of data
c:\users\samue\documents\workspace\openglframework\openglframework\openglframework\utils\..\Dependencies\cimg\CImg.h(14832): warning C4319: '~': zero extending 'unsigned long' to 'const double' of greater size
  c:\users\samue\documents\workspace\openglframework\openglframework\openglframework\utils\..\Dependencies\cimg\CImg.h(14295): note: while compiling class template member function 'unsigned int cimg_library::CImg<float>::_cimg_math_parser::compile(char *,char *,unsigned int *)'
  c:\users\samue\documents\workspace\openglframework\openglframework\openglframework\utils\..\Dependencies\cimg\CImg.h(14222): note: see reference to function template instantiation 'unsigned int cimg_library::CImg<float>::_cimg_math_parser::compile(char *,char *,unsigned int *)' being compiled
  c:\users\samue\documents\workspace\openglframework\openglframework\openglframework\utils\..\Dependencies\cimg\CImg.h(18057): note: see reference to class template instantiation 'cimg_library::CImg<float>::_cimg_math_parser' being compiled
  c:\users\samue\documents\workspace\openglframework\openglframework\openglframework\utils\..\Dependencies\cimg\CImg.h(18047): note: while compiling class template member function 'double cimg_library::CImg<float>::_eval(cimg_library::CImg<float> *const ,const char *const ,const double,const double,const double,const double,const cimg_library::CImgList<float> *const ,cimg_library::CImgList<float> *const ) const'
  c:\users\samue\documents\workspace\openglframework\openglframework\openglframework\utils\..\Dependencies\cimg\CImg.h(18042): note: see reference to function template instantiation 'double cimg_library::CImg<float>::_eval(cimg_library::CImg<float> *const ,const char *const ,const double,const double,const double,const double,const cimg_library::CImgList<float> *const ,cimg_library::CImgList<float> *const ) const' being compiled
  c:\users\samue\documents\workspace\openglframework\openglframework\openglframework\utils\..\Dependencies\cimg\CImg.h(29738): note: see reference to class template instantiation 'cimg_library::CImg<float>' being compiled
  c:\users\samue\documents\workspace\openglframework\openglframework\openglframework\utils\..\Dependencies\cimg\CImg.h(52418): note: see reference to class template instantiation 'cimg_library::CImg<char>' being compiled
c:\users\samue\documents\workspace\openglframework\openglframework\openglframework\utils\..\Dependencies\cimg\CImg.h(15721): warning C4319: '~': zero extending 'unsigned long' to 'double' of greater size
  c:\users\samue\documents\workspace\openglframework\openglframework\openglframework\utils\..\Dependencies\cimg\CImg.h(15720): note: while compiling class template member function 'double cimg_library::CImg<float>::_cimg_math_parser::mp_bitwise_not(cimg_library::CImg<float>::_cimg_math_parser &)'
  c:\users\samue\documents\workspace\openglframework\openglframework\openglframework\utils\..\Dependencies\cimg\CImg.h(14833): note: see reference to function template instantiation 'double cimg_library::CImg<float>::_cimg_math_parser::mp_bitwise_not(cimg_library::CImg<float>::_cimg_math_parser &)' being compiled
  InputHandler.cpp
  MeshLoader.cpp
c:\users\samue\documents\workspace\openglframework\openglframework\openglframework\utils\..\Dependencies\cimg\CImg.h(2342): warning C4267: 'initializing': conversion from 'size_t' to 'int', possible loss of data
c:\users\samue\documents\workspace\openglframework\openglframework\openglframework\utils\..\Dependencies\cimg\CImg.h(2342): warning C4267: 'initializing': conversion from 'size_t' to 'const int', possible loss of data
c:\users\samue\documents\workspace\openglframework\openglframework\openglframework\utils\..\Dependencies\cimg\CImg.h(2349): warning C4267: 'initializing': conversion from 'size_t' to 'int', possible loss of data
c:\users\samue\documents\workspace\openglframework\openglframework\openglframework\utils\..\Dependencies\cimg\CImg.h(2349): warning C4267: 'initializing': conversion from 'size_t' to 'const int', possible loss of data
c:\users\samue\documents\workspace\openglframework\openglframework\openglframework\utils\..\Dependencies\cimg\CImg.h(2366): warning C4267: 'initializing': conversion from 'size_t' to 'int', possible loss of data
c:\users\samue\documents\workspace\openglframework\openglframework\openglframework\utils\..\Dependencies\cimg\CImg.h(2366): warning C4267: 'initializing': conversion from 'size_t' to 'const int', possible loss of data
c:\users\samue\documents\workspace\openglframework\openglframework\openglframework\utils\..\Dependencies\cimg\CImg.h(2373): warning C4267: 'initializing': conversion from 'size_t' to 'int', possible loss of data
c:\users\samue\documents\workspace\openglframework\openglframework\openglframework\utils\..\Dependencies\cimg\CImg.h(2373): warning C4267: 'initializing': conversion from 'size_t' to 'const int', possible loss of data
c:\users\samue\documents\workspace\openglframework\openglframework\openglframework\utils\..\Dependencies\cimg\CImg.h(14832): warning C4319: '~': zero extending 'unsigned long' to 'const double' of greater size
  c:\users\samue\documents\workspace\openglframework\openglframework\openglframework\utils\..\Dependencies\cimg\CImg.h(14295): note: while compiling class template member function 'unsigned int cimg_library::CImg<float>::_cimg_math_parser::compile(char *,char *,unsigned int *)'
  c:\users\samue\documents\workspace\openglframework\openglframework\openglframework\utils\..\Dependencies\cimg\CImg.h(14222): note: see reference to function template instantiation 'unsigned int cimg_library::CImg<float>::_cimg_math_parser::compile(char *,char *,unsigned int *)' being compiled
  c:\users\samue\documents\workspace\openglframework\openglframework\openglframework\utils\..\Dependencies\cimg\CImg.h(18057): note: see reference to class template instantiation 'cimg_library::CImg<float>::_cimg_math_parser' being compiled
  c:\users\samue\documents\workspace\openglframework\openglframework\openglframework\utils\..\Dependencies\cimg\CImg.h(18047): note: while compiling class template member function 'double cimg_library::CImg<float>::_eval(cimg_library::CImg<float> *const ,const char *const ,const double,const double,const double,const double,const cimg_library::CImgList<float> *const ,cimg_library::CImgList<float> *const ) const'
  c:\users\samue\documents\workspace\openglframework\openglframework\openglframework\utils\..\Dependencies\cimg\CImg.h(18042): note: see reference to function template instantiation 'double cimg_library::CImg<float>::_eval(cimg_library::CImg<float> *const ,const char *const ,const double,const double,const double,const double,const cimg_library::CImgList<float> *const ,cimg_library::CImgList<float> *const ) const' being compiled
  c:\users\samue\documents\workspace\openglframework\openglframework\openglframework\utils\..\Dependencies\cimg\CImg.h(29738): note: see reference to class template instantiation 'cimg_library::CImg<float>' being compiled
  c:\users\samue\documents\workspace\openglframework\openglframework\openglframework\utils\..\Dependencies\cimg\CImg.h(52418): note: see reference to class template instantiation 'cimg_library::CImg<char>' being compiled
c:\users\samue\documents\workspace\openglframework\openglframework\openglframework\utils\..\Dependencies\cimg\CImg.h(15721): warning C4319: '~': zero extending 'unsigned long' to 'double' of greater size
  c:\users\samue\documents\workspace\openglframework\openglframework\openglframework\utils\..\Dependencies\cimg\CImg.h(15720): note: while compiling class template member function 'double cimg_library::CImg<float>::_cimg_math_parser::mp_bitwise_not(cimg_library::CImg<float>::_cimg_math_parser &)'
  c:\users\samue\documents\workspace\openglframework\openglframework\openglframework\utils\..\Dependencies\cimg\CImg.h(14833): note: see reference to function template instantiation 'double cimg_library::CImg<float>::_cimg_math_parser::mp_bitwise_not(cimg_library::CImg<float>::_cimg_math_parser &)' being compiled
  ShaderLoader.cpp
  TextureLoader.cpp
c:\users\samue\documents\workspace\openglframework\openglframework\openglframework\utils\..\Dependencies\cimg\CImg.h(2342): warning C4267: 'initializing': conversion from 'size_t' to 'int', possible loss of data
c:\users\samue\documents\workspace\openglframework\openglframework\openglframework\utils\..\Dependencies\cimg\CImg.h(2342): warning C4267: 'initializing': conversion from 'size_t' to 'const int', possible loss of data
c:\users\samue\documents\workspace\openglframework\openglframework\openglframework\utils\..\Dependencies\cimg\CImg.h(2349): warning C4267: 'initializing': conversion from 'size_t' to 'int', possible loss of data
c:\users\samue\documents\workspace\openglframework\openglframework\openglframework\utils\..\Dependencies\cimg\CImg.h(2349): warning C4267: 'initializing': conversion from 'size_t' to 'const int', possible loss of data
c:\users\samue\documents\workspace\openglframework\openglframework\openglframework\utils\..\Dependencies\cimg\CImg.h(2366): warning C4267: 'initializing': conversion from 'size_t' to 'int', possible loss of data
c:\users\samue\documents\workspace\openglframework\openglframework\openglframework\utils\..\Dependencies\cimg\CImg.h(2366): warning C4267: 'initializing': conversion from 'size_t' to 'const int', possible loss of data
c:\users\samue\documents\workspace\openglframework\openglframework\openglframework\utils\..\Dependencies\cimg\CImg.h(2373): warning C4267: 'initializing': conversion from 'size_t' to 'int', possible loss of data
c:\users\samue\documents\workspace\openglframework\openglframework\openglframework\utils\..\Dependencies\cimg\CImg.h(2373): warning C4267: 'initializing': conversion from 'size_t' to 'const int', possible loss of data
c:\users\samue\documents\workspace\openglframework\openglframework\openglframework\utils\..\Dependencies\cimg\CImg.h(14832): warning C4319: '~': zero extending 'unsigned long' to 'const double' of greater size
  c:\users\samue\documents\workspace\openglframework\openglframework\openglframework\utils\..\Dependencies\cimg\CImg.h(14295): note: while compiling class template member function 'unsigned int cimg_library::CImg<float>::_cimg_math_parser::compile(char *,char *,unsigned int *)'
  c:\users\samue\documents\workspace\openglframework\openglframework\openglframework\utils\..\Dependencies\cimg\CImg.h(14222): note: see reference to function template instantiation 'unsigned int cimg_library::CImg<float>::_cimg_math_parser::compile(char *,char *,unsigned int *)' being compiled
  c:\users\samue\documents\workspace\openglframework\openglframework\openglframework\utils\..\Dependencies\cimg\CImg.h(18057): note: see reference to class template instantiation 'cimg_library::CImg<float>::_cimg_math_parser' being compiled
  c:\users\samue\documents\workspace\openglframework\openglframework\openglframework\utils\..\Dependencies\cimg\CImg.h(18047): note: while compiling class template member function 'double cimg_library::CImg<float>::_eval(cimg_library::CImg<float> *const ,const char *const ,const double,const double,const double,const double,const cimg_library::CImgList<float> *const ,cimg_library::CImgList<float> *const ) const'
  c:\users\samue\documents\workspace\openglframework\openglframework\openglframework\utils\..\Dependencies\cimg\CImg.h(18042): note: see reference to function template instantiation 'double cimg_library::CImg<float>::_eval(cimg_library::CImg<float> *const ,const char *const ,const double,const double,const double,const double,const cimg_library::CImgList<float> *const ,cimg_library::CImgList<float> *const ) const' being compiled
  c:\users\samue\documents\workspace\openglframework\openglframework\openglframework\utils\..\Dependencies\cimg\CImg.h(29738): note: see reference to class template instantiation 'cimg_library::CImg<float>' being compiled
  c:\users\samue\documents\workspace\openglframework\openglframework\openglframework\utils\..\Dependencies\cimg\CImg.h(52418): note: see reference to class template instantiation 'cimg_library::CImg<char>' being compiled
c:\users\samue\documents\workspace\openglframework\openglframework\openglframework\utils\..\Dependencies\cimg\CImg.h(15721): warning C4319: '~': zero extending 'unsigned long' to 'double' of greater size
  c:\users\samue\documents\workspace\openglframework\openglframework\openglframework\utils\..\Dependencies\cimg\CImg.h(15720): note: while compiling class template member function 'double cimg_library::CImg<float>::_cimg_math_parser::mp_bitwise_not(cimg_library::CImg<float>::_cimg_math_parser &)'
  c:\users\samue\documents\workspace\openglframework\openglframework\openglframework\utils\..\Dependencies\cimg\CImg.h(14833): note: see reference to function template instantiation 'double cimg_library::CImg<float>::_cimg_math_parser::mp_bitwise_not(cimg_library::CImg<float>::_cimg_math_parser &)' being compiled
  AdvancedShader.cpp
c:\users\samue\documents\workspace\openglframework\openglframework\openglframework\Utils/Color.h(6): warning C4005: 'TRANSPARENT': macro redefinition
  C:\Program Files (x86)\Windows Kits\8.1\Include\um\wingdi.h(1861): note: see previous definition of 'TRANSPARENT'
c:\users\samue\documents\workspace\openglframework\openglframework\openglframework\utils\..\Dependencies\cimg\CImg.h(2342): warning C4267: 'initializing': conversion from 'size_t' to 'int', possible loss of data
c:\users\samue\documents\workspace\openglframework\openglframework\openglframework\utils\..\Dependencies\cimg\CImg.h(2342): warning C4267: 'initializing': conversion from 'size_t' to 'const int', possible loss of data
c:\users\samue\documents\workspace\openglframework\openglframework\openglframework\utils\..\Dependencies\cimg\CImg.h(2349): warning C4267: 'initializing': conversion from 'size_t' to 'int', possible loss of data
c:\users\samue\documents\workspace\openglframework\openglframework\openglframework\utils\..\Dependencies\cimg\CImg.h(2349): warning C4267: 'initializing': conversion from 'size_t' to 'const int', possible loss of data
c:\users\samue\documents\workspace\openglframework\openglframework\openglframework\utils\..\Dependencies\cimg\CImg.h(2366): warning C4267: 'initializing': conversion from 'size_t' to 'int', possible loss of data
c:\users\samue\documents\workspace\openglframework\openglframework\openglframework\utils\..\Dependencies\cimg\CImg.h(2366): warning C4267: 'initializing': conversion from 'size_t' to 'const int', possible loss of data
c:\users\samue\documents\workspace\openglframework\openglframework\openglframework\utils\..\Dependencies\cimg\CImg.h(2373): warning C4267: 'initializing': conversion from 'size_t' to 'int', possible loss of data
c:\users\samue\documents\workspace\openglframework\openglframework\openglframework\utils\..\Dependencies\cimg\CImg.h(2373): warning C4267: 'initializing': conversion from 'size_t' to 'const int', possible loss of data
c:\users\samue\documents\workspace\openglframework\openglframework\openglframework\utils\..\Dependencies\cimg\CImg.h(14832): warning C4319: '~': zero extending 'unsigned long' to 'const double' of greater size
  c:\users\samue\documents\workspace\openglframework\openglframework\openglframework\utils\..\Dependencies\cimg\CImg.h(14295): note: while compiling class template member function 'unsigned int cimg_library::CImg<float>::_cimg_math_parser::compile(char *,char *,unsigned int *)'
  c:\users\samue\documents\workspace\openglframework\openglframework\openglframework\utils\..\Dependencies\cimg\CImg.h(14222): note: see reference to function template instantiation 'unsigned int cimg_library::CImg<float>::_cimg_math_parser::compile(char *,char *,unsigned int *)' being compiled
  c:\users\samue\documents\workspace\openglframework\openglframework\openglframework\utils\..\Dependencies\cimg\CImg.h(18057): note: see reference to class template instantiation 'cimg_library::CImg<float>::_cimg_math_parser' being compiled
  c:\users\samue\documents\workspace\openglframework\openglframework\openglframework\utils\..\Dependencies\cimg\CImg.h(18047): note: while compiling class template member function 'double cimg_library::CImg<float>::_eval(cimg_library::CImg<float> *const ,const char *const ,const double,const double,const double,const double,const cimg_library::CImgList<float> *const ,cimg_library::CImgList<float> *const ) const'
  c:\users\samue\documents\workspace\openglframework\openglframework\openglframework\utils\..\Dependencies\cimg\CImg.h(18042): note: see reference to function template instantiation 'double cimg_library::CImg<float>::_eval(cimg_library::CImg<float> *const ,const char *const ,const double,const double,const double,const double,const cimg_library::CImgList<float> *const ,cimg_library::CImgList<float> *const ) const' being compiled
  c:\users\samue\documents\workspace\openglframework\openglframework\openglframework\utils\..\Dependencies\cimg\CImg.h(29738): note: see reference to class template instantiation 'cimg_library::CImg<float>' being compiled
  c:\users\samue\documents\workspace\openglframework\openglframework\openglframework\utils\..\Dependencies\cimg\CImg.h(52418): note: see reference to class template instantiation 'cimg_library::CImg<char>' being compiled
c:\users\samue\documents\workspace\openglframework\openglframework\openglframework\utils\..\Dependencies\cimg\CImg.h(15721): warning C4319: '~': zero extending 'unsigned long' to 'double' of greater size
  c:\users\samue\documents\workspace\openglframework\openglframework\openglframework\utils\..\Dependencies\cimg\CImg.h(15720): note: while compiling class template member function 'double cimg_library::CImg<float>::_cimg_math_parser::mp_bitwise_not(cimg_library::CImg<float>::_cimg_math_parser &)'
  c:\users\samue\documents\workspace\openglframework\openglframework\openglframework\utils\..\Dependencies\cimg\CImg.h(14833): note: see reference to function template instantiation 'double cimg_library::CImg<float>::_cimg_math_parser::mp_bitwise_not(cimg_library::CImg<float>::_cimg_math_parser &)' being compiled
  BasicShader.cpp
c:\users\samue\documents\workspace\openglframework\openglframework\openglframework\Utils/Color.h(6): warning C4005: 'TRANSPARENT': macro redefinition
  C:\Program Files (x86)\Windows Kits\8.1\Include\um\wingdi.h(1861): note: see previous definition of 'TRANSPARENT'
c:\users\samue\documents\workspace\openglframework\openglframework\openglframework\utils\..\Dependencies\cimg\CImg.h(2342): warning C4267: 'initializing': conversion from 'size_t' to 'int', possible loss of data
c:\users\samue\documents\workspace\openglframework\openglframework\openglframework\utils\..\Dependencies\cimg\CImg.h(2342): warning C4267: 'initializing': conversion from 'size_t' to 'const int', possible loss of data
c:\users\samue\documents\workspace\openglframework\openglframework\openglframework\utils\..\Dependencies\cimg\CImg.h(2349): warning C4267: 'initializing': conversion from 'size_t' to 'int', possible loss of data
c:\users\samue\documents\workspace\openglframework\openglframework\openglframework\utils\..\Dependencies\cimg\CImg.h(2349): warning C4267: 'initializing': conversion from 'size_t' to 'const int', possible loss of data
c:\users\samue\documents\workspace\openglframework\openglframework\openglframework\utils\..\Dependencies\cimg\CImg.h(2366): warning C4267: 'initializing': conversion from 'size_t' to 'int', possible loss of data
c:\users\samue\documents\workspace\openglframework\openglframework\openglframework\utils\..\Dependencies\cimg\CImg.h(2366): warning C4267: 'initializing': conversion from 'size_t' to 'const int', possible loss of data
c:\users\samue\documents\workspace\openglframework\openglframework\openglframework\utils\..\Dependencies\cimg\CImg.h(2373): warning C4267: 'initializing': conversion from 'size_t' to 'int', possible loss of data
c:\users\samue\documents\workspace\openglframework\openglframework\openglframework\utils\..\Dependencies\cimg\CImg.h(2373): warning C4267: 'initializing': conversion from 'size_t' to 'const int', possible loss of data
c:\users\samue\documents\workspace\openglframework\openglframework\openglframework\utils\..\Dependencies\cimg\CImg.h(14832): warning C4319: '~': zero extending 'unsigned long' to 'const double' of greater size
  c:\users\samue\documents\workspace\openglframework\openglframework\openglframework\utils\..\Dependencies\cimg\CImg.h(14295): note: while compiling class template member function 'unsigned int cimg_library::CImg<float>::_cimg_math_parser::compile(char *,char *,unsigned int *)'
  c:\users\samue\documents\workspace\openglframework\openglframework\openglframework\utils\..\Dependencies\cimg\CImg.h(14222): note: see reference to function template instantiation 'unsigned int cimg_library::CImg<float>::_cimg_math_parser::compile(char *,char *,unsigned int *)' being compiled
  c:\users\samue\documents\workspace\openglframework\openglframework\openglframework\utils\..\Dependencies\cimg\CImg.h(18057): note: see reference to class template instantiation 'cimg_library::CImg<float>::_cimg_math_parser' being compiled
  c:\users\samue\documents\workspace\openglframework\openglframework\openglframework\utils\..\Dependencies\cimg\CImg.h(18047): note: while compiling class template member function 'double cimg_library::CImg<float>::_eval(cimg_library::CImg<float> *const ,const char *const ,const double,const double,const double,const double,const cimg_library::CImgList<float> *const ,cimg_library::CImgList<float> *const ) const'
  c:\users\samue\documents\workspace\openglframework\openglframework\openglframework\utils\..\Dependencies\cimg\CImg.h(18042): note: see reference to function template instantiation 'double cimg_library::CImg<float>::_eval(cimg_library::CImg<float> *const ,const char *const ,const double,const double,const double,const double,const cimg_library::CImgList<float> *const ,cimg_library::CImgList<float> *const ) const' being compiled
  c:\users\samue\documents\workspace\openglframework\openglframework\openglframework\utils\..\Dependencies\cimg\CImg.h(29738): note: see reference to class template instantiation 'cimg_library::CImg<float>' being compiled
  c:\users\samue\documents\workspace\openglframework\openglframework\openglframework\utils\..\Dependencies\cimg\CImg.h(52418): note: see reference to class template instantiation 'cimg_library::CImg<char>' being compiled
c:\users\samue\documents\workspace\openglframework\openglframework\openglframework\utils\..\Dependencies\cimg\CImg.h(15721): warning C4319: '~': zero extending 'unsigned long' to 'double' of greater size
  c:\users\samue\documents\workspace\openglframework\openglframework\openglframework\utils\..\Dependencies\cimg\CImg.h(15720): note: while compiling class template member function 'double cimg_library::CImg<float>::_cimg_math_parser::mp_bitwise_not(cimg_library::CImg<float>::_cimg_math_parser &)'
  c:\users\samue\documents\workspace\openglframework\openglframework\openglframework\utils\..\Dependencies\cimg\CImg.h(14833): note: see reference to function template instantiation 'double cimg_library::CImg<float>::_cimg_math_parser::mp_bitwise_not(cimg_library::CImg<float>::_cimg_math_parser &)' being compiled
  Light.cpp
c:\users\samue\documents\workspace\openglframework\openglframework\openglframework\Utils/Color.h(6): warning C4005: 'TRANSPARENT': macro redefinition
  C:\Program Files (x86)\Windows Kits\8.1\Include\um\wingdi.h(1861): note: see previous definition of 'TRANSPARENT'
c:\users\samue\documents\workspace\openglframework\openglframework\openglframework\utils\..\Dependencies\cimg\CImg.h(2342): warning C4267: 'initializing': conversion from 'size_t' to 'int', possible loss of data
c:\users\samue\documents\workspace\openglframework\openglframework\openglframework\utils\..\Dependencies\cimg\CImg.h(2342): warning C4267: 'initializing': conversion from 'size_t' to 'const int', possible loss of data
c:\users\samue\documents\workspace\openglframework\openglframework\openglframework\utils\..\Dependencies\cimg\CImg.h(2349): warning C4267: 'initializing': conversion from 'size_t' to 'int', possible loss of data
c:\users\samue\documents\workspace\openglframework\openglframework\openglframework\utils\..\Dependencies\cimg\CImg.h(2349): warning C4267: 'initializing': conversion from 'size_t' to 'const int', possible loss of data
c:\users\samue\documents\workspace\openglframework\openglframework\openglframework\utils\..\Dependencies\cimg\CImg.h(2366): warning C4267: 'initializing': conversion from 'size_t' to 'int', possible loss of data
c:\users\samue\documents\workspace\openglframework\openglframework\openglframework\utils\..\Dependencies\cimg\CImg.h(2366): warning C4267: 'initializing': conversion from 'size_t' to 'const int', possible loss of data
c:\users\samue\documents\workspace\openglframework\openglframework\openglframework\utils\..\Dependencies\cimg\CImg.h(2373): warning C4267: 'initializing': conversion from 'size_t' to 'int', possible loss of data
c:\users\samue\documents\workspace\openglframework\openglframework\openglframework\utils\..\Dependencies\cimg\CImg.h(2373): warning C4267: 'initializing': conversion from 'size_t' to 'const int', possible loss of data
c:\users\samue\documents\workspace\openglframework\openglframework\openglframework\utils\..\Dependencies\cimg\CImg.h(14832): warning C4319: '~': zero extending 'unsigned long' to 'const double' of greater size
  c:\users\samue\documents\workspace\openglframework\openglframework\openglframework\utils\..\Dependencies\cimg\CImg.h(14295): note: while compiling class template member function 'unsigned int cimg_library::CImg<float>::_cimg_math_parser::compile(char *,char *,unsigned int *)'
  c:\users\samue\documents\workspace\openglframework\openglframework\openglframework\utils\..\Dependencies\cimg\CImg.h(14222): note: see reference to function template instantiation 'unsigned int cimg_library::CImg<float>::_cimg_math_parser::compile(char *,char *,unsigned int *)' being compiled
  c:\users\samue\documents\workspace\openglframework\openglframework\openglframework\utils\..\Dependencies\cimg\CImg.h(18057): note: see reference to class template instantiation 'cimg_library::CImg<float>::_cimg_math_parser' being compiled
  c:\users\samue\documents\workspace\openglframework\openglframework\openglframework\utils\..\Dependencies\cimg\CImg.h(18047): note: while compiling class template member function 'double cimg_library::CImg<float>::_eval(cimg_library::CImg<float> *const ,const char *const ,const double,const double,const double,const double,const cimg_library::CImgList<float> *const ,cimg_library::CImgList<float> *const ) const'
  c:\users\samue\documents\workspace\openglframework\openglframework\openglframework\utils\..\Dependencies\cimg\CImg.h(18042): note: see reference to function template instantiation 'double cimg_library::CImg<float>::_eval(cimg_library::CImg<float> *const ,const char *const ,const double,const double,const double,const double,const cimg_library::CImgList<float> *const ,cimg_library::CImgList<float> *const ) const' being compiled
  c:\users\samue\documents\workspace\openglframework\openglframework\openglframework\utils\..\Dependencies\cimg\CImg.h(29738): note: see reference to class template instantiation 'cimg_library::CImg<float>' being compiled
  c:\users\samue\documents\workspace\openglframework\openglframework\openglframework\utils\..\Dependencies\cimg\CImg.h(52418): note: see reference to class template instantiation 'cimg_library::CImg<char>' being compiled
c:\users\samue\documents\workspace\openglframework\openglframework\openglframework\utils\..\Dependencies\cimg\CImg.h(15721): warning C4319: '~': zero extending 'unsigned long' to 'double' of greater size
  c:\users\samue\documents\workspace\openglframework\openglframework\openglframework\utils\..\Dependencies\cimg\CImg.h(15720): note: while compiling class template member function 'double cimg_library::CImg<float>::_cimg_math_parser::mp_bitwise_not(cimg_library::CImg<float>::_cimg_math_parser &)'
  c:\users\samue\documents\workspace\openglframework\openglframework\openglframework\utils\..\Dependencies\cimg\CImg.h(14833): note: see reference to function template instantiation 'double cimg_library::CImg<float>::_cimg_math_parser::mp_bitwise_not(cimg_library::CImg<float>::_cimg_math_parser &)' being compiled
  Mesh.cpp
Rendering\Mesh.cpp(20): warning C4267: 'argument': conversion from 'size_t' to 'GLsizei', possible loss of data
  Model.cpp
c:\users\samue\documents\workspace\openglframework\openglframework\openglframework\utils\..\Dependencies\cimg\CImg.h(2342): warning C4267: 'initializing': conversion from 'size_t' to 'int', possible loss of data
c:\users\samue\documents\workspace\openglframework\openglframework\openglframework\utils\..\Dependencies\cimg\CImg.h(2342): warning C4267: 'initializing': conversion from 'size_t' to 'const int', possible loss of data
c:\users\samue\documents\workspace\openglframework\openglframework\openglframework\utils\..\Dependencies\cimg\CImg.h(2349): warning C4267: 'initializing': conversion from 'size_t' to 'int', possible loss of data
c:\users\samue\documents\workspace\openglframework\openglframework\openglframework\utils\..\Dependencies\cimg\CImg.h(2349): warning C4267: 'initializing': conversion from 'size_t' to 'const int', possible loss of data
c:\users\samue\documents\workspace\openglframework\openglframework\openglframework\utils\..\Dependencies\cimg\CImg.h(2366): warning C4267: 'initializing': conversion from 'size_t' to 'int', possible loss of data
c:\users\samue\documents\workspace\openglframework\openglframework\openglframework\utils\..\Dependencies\cimg\CImg.h(2366): warning C4267: 'initializing': conversion from 'size_t' to 'const int', possible loss of data
c:\users\samue\documents\workspace\openglframework\openglframework\openglframework\utils\..\Dependencies\cimg\CImg.h(2373): warning C4267: 'initializing': conversion from 'size_t' to 'int', possible loss of data
c:\users\samue\documents\workspace\openglframework\openglframework\openglframework\utils\..\Dependencies\cimg\CImg.h(2373): warning C4267: 'initializing': conversion from 'size_t' to 'const int', possible loss of data
c:\users\samue\documents\workspace\openglframework\openglframework\openglframework\utils\..\Dependencies\cimg\CImg.h(14832): warning C4319: '~': zero extending 'unsigned long' to 'const double' of greater size
  c:\users\samue\documents\workspace\openglframework\openglframework\openglframework\utils\..\Dependencies\cimg\CImg.h(14295): note: while compiling class template member function 'unsigned int cimg_library::CImg<float>::_cimg_math_parser::compile(char *,char *,unsigned int *)'
  c:\users\samue\documents\workspace\openglframework\openglframework\openglframework\utils\..\Dependencies\cimg\CImg.h(14222): note: see reference to function template instantiation 'unsigned int cimg_library::CImg<float>::_cimg_math_parser::compile(char *,char *,unsigned int *)' being compiled
  c:\users\samue\documents\workspace\openglframework\openglframework\openglframework\utils\..\Dependencies\cimg\CImg.h(18057): note: see reference to class template instantiation 'cimg_library::CImg<float>::_cimg_math_parser' being compiled
  c:\users\samue\documents\workspace\openglframework\openglframework\openglframework\utils\..\Dependencies\cimg\CImg.h(18047): note: while compiling class template member function 'double cimg_library::CImg<float>::_eval(cimg_library::CImg<float> *const ,const char *const ,const double,const double,const double,const double,const cimg_library::CImgList<float> *const ,cimg_library::CImgList<float> *const ) const'
  c:\users\samue\documents\workspace\openglframework\openglframework\openglframework\utils\..\Dependencies\cimg\CImg.h(18042): note: see reference to function template instantiation 'double cimg_library::CImg<float>::_eval(cimg_library::CImg<float> *const ,const char *const ,const double,const double,const double,const double,const cimg_library::CImgList<float> *const ,cimg_library::CImgList<float> *const ) const' being compiled
  c:\users\samue\documents\workspace\openglframework\openglframework\openglframework\utils\..\Dependencies\cimg\CImg.h(29738): note: see reference to class template instantiation 'cimg_library::CImg<float>' being compiled
  c:\users\samue\documents\workspace\openglframework\openglframework\openglframework\utils\..\Dependencies\cimg\CImg.h(52418): note: see reference to class template instantiation 'cimg_library::CImg<char>' being compiled
c:\users\samue\documents\workspace\openglframework\openglframework\openglframework\utils\..\Dependencies\cimg\CImg.h(15721): warning C4319: '~': zero extending 'unsigned long' to 'double' of greater size
  c:\users\samue\documents\workspace\openglframework\openglframework\openglframework\utils\..\Dependencies\cimg\CImg.h(15720): note: while compiling class template member function 'double cimg_library::CImg<float>::_cimg_math_parser::mp_bitwise_not(cimg_library::CImg<float>::_cimg_math_parser &)'
  c:\users\samue\documents\workspace\openglframework\openglframework\openglframework\utils\..\Dependencies\cimg\CImg.h(14833): note: see reference to function template instantiation 'double cimg_library::CImg<float>::_cimg_math_parser::mp_bitwise_not(cimg_library::CImg<float>::_cimg_math_parser &)' being compiled
  SkyboxShader.cpp
c:\users\samue\documents\workspace\openglframework\openglframework\openglframework\Utils/Color.h(6): warning C4005: 'TRANSPARENT': macro redefinition
  C:\Program Files (x86)\Windows Kits\8.1\Include\um\wingdi.h(1861): note: see previous definition of 'TRANSPARENT'
c:\users\samue\documents\workspace\openglframework\openglframework\openglframework\utils\..\Dependencies\cimg\CImg.h(2342): warning C4267: 'initializing': conversion from 'size_t' to 'int', possible loss of data
c:\users\samue\documents\workspace\openglframework\openglframework\openglframework\utils\..\Dependencies\cimg\CImg.h(2342): warning C4267: 'initializing': conversion from 'size_t' to 'const int', possible loss of data
c:\users\samue\documents\workspace\openglframework\openglframework\openglframework\utils\..\Dependencies\cimg\CImg.h(2349): warning C4267: 'initializing': conversion from 'size_t' to 'int', possible loss of data
c:\users\samue\documents\workspace\openglframework\openglframework\openglframework\utils\..\Dependencies\cimg\CImg.h(2349): warning C4267: 'initializing': conversion from 'size_t' to 'const int', possible loss of data
c:\users\samue\documents\workspace\openglframework\openglframework\openglframework\utils\..\Dependencies\cimg\CImg.h(2366): warning C4267: 'initializing': conversion from 'size_t' to 'int', possible loss of data
c:\users\samue\documents\workspace\openglframework\openglframework\openglframework\utils\..\Dependencies\cimg\CImg.h(2366): warning C4267: 'initializing': conversion from 'size_t' to 'const int', possible loss of data
c:\users\samue\documents\workspace\openglframework\openglframework\openglframework\utils\..\Dependencies\cimg\CImg.h(2373): warning C4267: 'initializing': conversion from 'size_t' to 'int', possible loss of data
c:\users\samue\documents\workspace\openglframework\openglframework\openglframework\utils\..\Dependencies\cimg\CImg.h(2373): warning C4267: 'initializing': conversion from 'size_t' to 'const int', possible loss of data
c:\users\samue\documents\workspace\openglframework\openglframework\openglframework\utils\..\Dependencies\cimg\CImg.h(14832): warning C4319: '~': zero extending 'unsigned long' to 'const double' of greater size
  c:\users\samue\documents\workspace\openglframework\openglframework\openglframework\utils\..\Dependencies\cimg\CImg.h(14295): note: while compiling class template member function 'unsigned int cimg_library::CImg<float>::_cimg_math_parser::compile(char *,char *,unsigned int *)'
  c:\users\samue\documents\workspace\openglframework\openglframework\openglframework\utils\..\Dependencies\cimg\CImg.h(14222): note: see reference to function template instantiation 'unsigned int cimg_library::CImg<float>::_cimg_math_parser::compile(char *,char *,unsigned int *)' being compiled
  c:\users\samue\documents\workspace\openglframework\openglframework\openglframework\utils\..\Dependencies\cimg\CImg.h(18057): note: see reference to class template instantiation 'cimg_library::CImg<float>::_cimg_math_parser' being compiled
  c:\users\samue\documents\workspace\openglframework\openglframework\openglframework\utils\..\Dependencies\cimg\CImg.h(18047): note: while compiling class template member function 'double cimg_library::CImg<float>::_eval(cimg_library::CImg<float> *const ,const char *const ,const double,const double,const double,const double,const cimg_library::CImgList<float> *const ,cimg_library::CImgList<float> *const ) const'
  c:\users\samue\documents\workspace\openglframework\openglframework\openglframework\utils\..\Dependencies\cimg\CImg.h(18042): note: see reference to function template instantiation 'double cimg_library::CImg<float>::_eval(cimg_library::CImg<float> *const ,const char *const ,const double,const double,const double,const double,const cimg_library::CImgList<float> *const ,cimg_library::CImgList<float> *const ) const' being compiled
  c:\users\samue\documents\workspace\openglframework\openglframework\openglframework\utils\..\Dependencies\cimg\CImg.h(29738): note: see reference to class template instantiation 'cimg_library::CImg<float>' being compiled
  c:\users\samue\documents\workspace\openglframework\openglframework\openglframework\utils\..\Dependencies\cimg\CImg.h(52418): note: see reference to class template instantiation 'cimg_library::CImg<char>' being compiled
c:\users\samue\documents\workspace\openglframework\openglframework\openglframework\utils\..\Dependencies\cimg\CImg.h(15721): warning C4319: '~': zero extending 'unsigned long' to 'double' of greater size
  c:\users\samue\documents\workspace\openglframework\openglframework\openglframework\utils\..\Dependencies\cimg\CImg.h(15720): note: while compiling class template member function 'double cimg_library::CImg<float>::_cimg_math_parser::mp_bitwise_not(cimg_library::CImg<float>::_cimg_math_parser &)'
  c:\users\samue\documents\workspace\openglframework\openglframework\openglframework\utils\..\Dependencies\cimg\CImg.h(14833): note: see reference to function template instantiation 'double cimg_library::CImg<float>::_cimg_math_parser::mp_bitwise_not(cimg_library::CImg<float>::_cimg_math_parser &)' being compiled
  Square.cpp
c:\users\samue\documents\workspace\openglframework\openglframework\openglframework\Utils/Color.h(6): warning C4005: 'TRANSPARENT': macro redefinition
  C:\Program Files (x86)\Windows Kits\8.1\Include\um\wingdi.h(1861): note: see previous definition of 'TRANSPARENT'
c:\users\samue\documents\workspace\openglframework\openglframework\openglframework\utils\..\Dependencies\cimg\CImg.h(2342): warning C4267: 'initializing': conversion from 'size_t' to 'int', possible loss of data
c:\users\samue\documents\workspace\openglframework\openglframework\openglframework\utils\..\Dependencies\cimg\CImg.h(2342): warning C4267: 'initializing': conversion from 'size_t' to 'const int', possible loss of data
c:\users\samue\documents\workspace\openglframework\openglframework\openglframework\utils\..\Dependencies\cimg\CImg.h(2349): warning C4267: 'initializing': conversion from 'size_t' to 'int', possible loss of data
c:\users\samue\documents\workspace\openglframework\openglframework\openglframework\utils\..\Dependencies\cimg\CImg.h(2349): warning C4267: 'initializing': conversion from 'size_t' to 'const int', possible loss of data
c:\users\samue\documents\workspace\openglframework\openglframework\openglframework\utils\..\Dependencies\cimg\CImg.h(2366): warning C4267: 'initializing': conversion from 'size_t' to 'int', possible loss of data
c:\users\samue\documents\workspace\openglframework\openglframework\openglframework\utils\..\Dependencies\cimg\CImg.h(2366): warning C4267: 'initializing': conversion from 'size_t' to 'const int', possible loss of data
c:\users\samue\documents\workspace\openglframework\openglframework\openglframework\utils\..\Dependencies\cimg\CImg.h(2373): warning C4267: 'initializing': conversion from 'size_t' to 'int', possible loss of data
c:\users\samue\documents\workspace\openglframework\openglframework\openglframework\utils\..\Dependencies\cimg\CImg.h(2373): warning C4267: 'initializing': conversion from 'size_t' to 'const int', possible loss of data
c:\users\samue\documents\workspace\openglframework\openglframework\openglframework\utils\..\Dependencies\cimg\CImg.h(14832): warning C4319: '~': zero extending 'unsigned long' to 'const double' of greater size
  c:\users\samue\documents\workspace\openglframework\openglframework\openglframework\utils\..\Dependencies\cimg\CImg.h(14295): note: while compiling class template member function 'unsigned int cimg_library::CImg<float>::_cimg_math_parser::compile(char *,char *,unsigned int *)'
  c:\users\samue\documents\workspace\openglframework\openglframework\openglframework\utils\..\Dependencies\cimg\CImg.h(14222): note: see reference to function template instantiation 'unsigned int cimg_library::CImg<float>::_cimg_math_parser::compile(char *,char *,unsigned int *)' being compiled
  c:\users\samue\documents\workspace\openglframework\openglframework\openglframework\utils\..\Dependencies\cimg\CImg.h(18057): note: see reference to class template instantiation 'cimg_library::CImg<float>::_cimg_math_parser' being compiled
  c:\users\samue\documents\workspace\openglframework\openglframework\openglframework\utils\..\Dependencies\cimg\CImg.h(18047): note: while compiling class template member function 'double cimg_library::CImg<float>::_eval(cimg_library::CImg<float> *const ,const char *const ,const double,const double,const double,const double,const cimg_library::CImgList<float> *const ,cimg_library::CImgList<float> *const ) const'
  c:\users\samue\documents\workspace\openglframework\openglframework\openglframework\utils\..\Dependencies\cimg\CImg.h(18042): note: see reference to function template instantiation 'double cimg_library::CImg<float>::_eval(cimg_library::CImg<float> *const ,const char *const ,const double,const double,const double,const double,const cimg_library::CImgList<float> *const ,cimg_library::CImgList<float> *const ) const' being compiled
  c:\users\samue\documents\workspace\openglframework\openglframework\openglframework\utils\..\Dependencies\cimg\CImg.h(29738): note: see reference to class template instantiation 'cimg_library::CImg<float>' being compiled
  c:\users\samue\documents\workspace\openglframework\openglframework\openglframework\utils\..\Dependencies\cimg\CImg.h(52418): note: see reference to class template instantiation 'cimg_library::CImg<char>' being compiled
c:\users\samue\documents\workspace\openglframework\openglframework\openglframework\utils\..\Dependencies\cimg\CImg.h(15721): warning C4319: '~': zero extending 'unsigned long' to 'double' of greater size
  c:\users\samue\documents\workspace\openglframework\openglframework\openglframework\utils\..\Dependencies\cimg\CImg.h(15720): note: while compiling class template member function 'double cimg_library::CImg<float>::_cimg_math_parser::mp_bitwise_not(cimg_library::CImg<float>::_cimg_math_parser &)'
  c:\users\samue\documents\workspace\openglframework\openglframework\openglframework\utils\..\Dependencies\cimg\CImg.h(14833): note: see reference to function template instantiation 'double cimg_library::CImg<float>::_cimg_math_parser::mp_bitwise_not(cimg_library::CImg<float>::_cimg_math_parser &)' being compiled
  Triangle.cpp
c:\users\samue\documents\workspace\openglframework\openglframework\openglframework\Utils/Color.h(6): warning C4005: 'TRANSPARENT': macro redefinition
  C:\Program Files (x86)\Windows Kits\8.1\Include\um\wingdi.h(1861): note: see previous definition of 'TRANSPARENT'
c:\users\samue\documents\workspace\openglframework\openglframework\openglframework\utils\..\Dependencies\cimg\CImg.h(2342): warning C4267: 'initializing': conversion from 'size_t' to 'int', possible loss of data
c:\users\samue\documents\workspace\openglframework\openglframework\openglframework\utils\..\Dependencies\cimg\CImg.h(2342): warning C4267: 'initializing': conversion from 'size_t' to 'const int', possible loss of data
c:\users\samue\documents\workspace\openglframework\openglframework\openglframework\utils\..\Dependencies\cimg\CImg.h(2349): warning C4267: 'initializing': conversion from 'size_t' to 'int', possible loss of data
c:\users\samue\documents\workspace\openglframework\openglframework\openglframework\utils\..\Dependencies\cimg\CImg.h(2349): warning C4267: 'initializing': conversion from 'size_t' to 'const int', possible loss of data
c:\users\samue\documents\workspace\openglframework\openglframework\openglframework\utils\..\Dependencies\cimg\CImg.h(2366): warning C4267: 'initializing': conversion from 'size_t' to 'int', possible loss of data
c:\users\samue\documents\workspace\openglframework\openglframework\openglframework\utils\..\Dependencies\cimg\CImg.h(2366): warning C4267: 'initializing': conversion from 'size_t' to 'const int', possible loss of data
c:\users\samue\documents\workspace\openglframework\openglframework\openglframework\utils\..\Dependencies\cimg\CImg.h(2373): warning C4267: 'initializing': conversion from 'size_t' to 'int', possible loss of data
c:\users\samue\documents\workspace\openglframework\openglframework\openglframework\utils\..\Dependencies\cimg\CImg.h(2373): warning C4267: 'initializing': conversion from 'size_t' to 'const int', possible loss of data
c:\users\samue\documents\workspace\openglframework\openglframework\openglframework\utils\..\Dependencies\cimg\CImg.h(14832): warning C4319: '~': zero extending 'unsigned long' to 'const double' of greater size
  c:\users\samue\documents\workspace\openglframework\openglframework\openglframework\utils\..\Dependencies\cimg\CImg.h(14295): note: while compiling class template member function 'unsigned int cimg_library::CImg<float>::_cimg_math_parser::compile(char *,char *,unsigned int *)'
  c:\users\samue\documents\workspace\openglframework\openglframework\openglframework\utils\..\Dependencies\cimg\CImg.h(14222): note: see reference to function template instantiation 'unsigned int cimg_library::CImg<float>::_cimg_math_parser::compile(char *,char *,unsigned int *)' being compiled
  c:\users\samue\documents\workspace\openglframework\openglframework\openglframework\utils\..\Dependencies\cimg\CImg.h(18057): note: see reference to class template instantiation 'cimg_library::CImg<float>::_cimg_math_parser' being compiled
  c:\users\samue\documents\workspace\openglframework\openglframework\openglframework\utils\..\Dependencies\cimg\CImg.h(18047): note: while compiling class template member function 'double cimg_library::CImg<float>::_eval(cimg_library::CImg<float> *const ,const char *const ,const double,const double,const double,const double,const cimg_library::CImgList<float> *const ,cimg_library::CImgList<float> *const ) const'
  c:\users\samue\documents\workspace\openglframework\openglframework\openglframework\utils\..\Dependencies\cimg\CImg.h(18042): note: see reference to function template instantiation 'double cimg_library::CImg<float>::_eval(cimg_library::CImg<float> *const ,const char *const ,const double,const double,const double,const double,const cimg_library::CImgList<float> *const ,cimg_library::CImgList<float> *const ) const' being compiled
  c:\users\samue\documents\workspace\openglframework\openglframework\openglframework\utils\..\Dependencies\cimg\CImg.h(29738): note: see reference to class template instantiation 'cimg_library::CImg<float>' being compiled
  c:\users\samue\documents\workspace\openglframework\openglframework\openglframework\utils\..\Dependencies\cimg\CImg.h(52418): note: see reference to class template instantiation 'cimg_library::CImg<char>' being compiled
c:\users\samue\documents\workspace\openglframework\openglframework\openglframework\utils\..\Dependencies\cimg\CImg.h(15721): warning C4319: '~': zero extending 'unsigned long' to 'double' of greater size
  c:\users\samue\documents\workspace\openglframework\openglframework\openglframework\utils\..\Dependencies\cimg\CImg.h(15720): note: while compiling class template member function 'double cimg_library::CImg<float>::_cimg_math_parser::mp_bitwise_not(cimg_library::CImg<float>::_cimg_math_parser &)'
  c:\users\samue\documents\workspace\openglframework\openglframework\openglframework\utils\..\Dependencies\cimg\CImg.h(14833): note: see reference to function template instantiation 'double cimg_library::CImg<float>::_cimg_math_parser::mp_bitwise_not(cimg_library::CImg<float>::_cimg_math_parser &)' being compiled
  Text.cpp
c:\users\samue\documents\workspace\openglframework\openglframework\openglframework\Utils/Color.h(6): warning C4005: 'TRANSPARENT': macro redefinition
  C:\Program Files (x86)\Windows Kits\8.1\Include\um\wingdi.h(1861): note: see previous definition of 'TRANSPARENT'
c:\users\samue\documents\workspace\openglframework\openglframework\openglframework\utils\..\Dependencies\cimg\CImg.h(2342): warning C4267: 'initializing': conversion from 'size_t' to 'int', possible loss of data
c:\users\samue\documents\workspace\openglframework\openglframework\openglframework\utils\..\Dependencies\cimg\CImg.h(2342): warning C4267: 'initializing': conversion from 'size_t' to 'const int', possible loss of data
c:\users\samue\documents\workspace\openglframework\openglframework\openglframework\utils\..\Dependencies\cimg\CImg.h(2349): warning C4267: 'initializing': conversion from 'size_t' to 'int', possible loss of data
c:\users\samue\documents\workspace\openglframework\openglframework\openglframework\utils\..\Dependencies\cimg\CImg.h(2349): warning C4267: 'initializing': conversion from 'size_t' to 'const int', possible loss of data
c:\users\samue\documents\workspace\openglframework\openglframework\openglframework\utils\..\Dependencies\cimg\CImg.h(2366): warning C4267: 'initializing': conversion from 'size_t' to 'int', possible loss of data
c:\users\samue\documents\workspace\openglframework\openglframework\openglframework\utils\..\Dependencies\cimg\CImg.h(2366): warning C4267: 'initializing': conversion from 'size_t' to 'const int', possible loss of data
c:\users\samue\documents\workspace\openglframework\openglframework\openglframework\utils\..\Dependencies\cimg\CImg.h(2373): warning C4267: 'initializing': conversion from 'size_t' to 'int', possible loss of data
c:\users\samue\documents\workspace\openglframework\openglframework\openglframework\utils\..\Dependencies\cimg\CImg.h(2373): warning C4267: 'initializing': conversion from 'size_t' to 'const int', possible loss of data
Text\Text.cpp(15): warning C4267: 'initializing': conversion from 'size_t' to 'int', possible loss of data
c:\users\samue\documents\workspace\openglframework\openglframework\openglframework\utils\..\Dependencies\cimg\CImg.h(14832): warning C4319: '~': zero extending 'unsigned long' to 'const double' of greater size
  c:\users\samue\documents\workspace\openglframework\openglframework\openglframework\utils\..\Dependencies\cimg\CImg.h(14295): note: while compiling class template member function 'unsigned int cimg_library::CImg<float>::_cimg_math_parser::compile(char *,char *,unsigned int *)'
  c:\users\samue\documents\workspace\openglframework\openglframework\openglframework\utils\..\Dependencies\cimg\CImg.h(14222): note: see reference to function template instantiation 'unsigned int cimg_library::CImg<float>::_cimg_math_parser::compile(char *,char *,unsigned int *)' being compiled
  c:\users\samue\documents\workspace\openglframework\openglframework\openglframework\utils\..\Dependencies\cimg\CImg.h(18057): note: see reference to class template instantiation 'cimg_library::CImg<float>::_cimg_math_parser' being compiled
  c:\users\samue\documents\workspace\openglframework\openglframework\openglframework\utils\..\Dependencies\cimg\CImg.h(18047): note: while compiling class template member function 'double cimg_library::CImg<float>::_eval(cimg_library::CImg<float> *const ,const char *const ,const double,const double,const double,const double,const cimg_library::CImgList<float> *const ,cimg_library::CImgList<float> *const ) const'
  c:\users\samue\documents\workspace\openglframework\openglframework\openglframework\utils\..\Dependencies\cimg\CImg.h(18042): note: see reference to function template instantiation 'double cimg_library::CImg<float>::_eval(cimg_library::CImg<float> *const ,const char *const ,const double,const double,const double,const double,const cimg_library::CImgList<float> *const ,cimg_library::CImgList<float> *const ) const' being compiled
  c:\users\samue\documents\workspace\openglframework\openglframework\openglframework\utils\..\Dependencies\cimg\CImg.h(29738): note: see reference to class template instantiation 'cimg_library::CImg<float>' being compiled
  c:\users\samue\documents\workspace\openglframework\openglframework\openglframework\utils\..\Dependencies\cimg\CImg.h(52418): note: see reference to class template instantiation 'cimg_library::CImg<char>' being compiled
c:\users\samue\documents\workspace\openglframework\openglframework\openglframework\utils\..\Dependencies\cimg\CImg.h(15721): warning C4319: '~': zero extending 'unsigned long' to 'double' of greater size
  c:\users\samue\documents\workspace\openglframework\openglframework\openglframework\utils\..\Dependencies\cimg\CImg.h(15720): note: while compiling class template member function 'double cimg_library::CImg<float>::_cimg_math_parser::mp_bitwise_not(cimg_library::CImg<float>::_cimg_math_parser &)'
  c:\users\samue\documents\workspace\openglframework\openglframework\openglframework\utils\..\Dependencies\cimg\CImg.h(14833): note: see reference to function template instantiation 'double cimg_library::CImg<float>::_cimg_math_parser::mp_bitwise_not(cimg_library::CImg<float>::_cimg_math_parser &)' being compiled
  TextHolder.cpp
c:\users\samue\documents\workspace\openglframework\openglframework\openglframework\Utils/Color.h(6): warning C4005: 'TRANSPARENT': macro redefinition
  C:\Program Files (x86)\Windows Kits\8.1\Include\um\wingdi.h(1861): note: see previous definition of 'TRANSPARENT'
c:\users\samue\documents\workspace\openglframework\openglframework\openglframework\utils\..\Dependencies\cimg\CImg.h(2342): warning C4267: 'initializing': conversion from 'size_t' to 'int', possible loss of data
c:\users\samue\documents\workspace\openglframework\openglframework\openglframework\utils\..\Dependencies\cimg\CImg.h(2342): warning C4267: 'initializing': conversion from 'size_t' to 'const int', possible loss of data
c:\users\samue\documents\workspace\openglframework\openglframework\openglframework\utils\..\Dependencies\cimg\CImg.h(2349): warning C4267: 'initializing': conversion from 'size_t' to 'int', possible loss of data
c:\users\samue\documents\workspace\openglframework\openglframework\openglframework\utils\..\Dependencies\cimg\CImg.h(2349): warning C4267: 'initializing': conversion from 'size_t' to 'const int', possible loss of data
c:\users\samue\documents\workspace\openglframework\openglframework\openglframework\utils\..\Dependencies\cimg\CImg.h(2366): warning C4267: 'initializing': conversion from 'size_t' to 'int', possible loss of data
c:\users\samue\documents\workspace\openglframework\openglframework\openglframework\utils\..\Dependencies\cimg\CImg.h(2366): warning C4267: 'initializing': conversion from 'size_t' to 'const int', possible loss of data
c:\users\samue\documents\workspace\openglframework\openglframework\openglframework\utils\..\Dependencies\cimg\CImg.h(2373): warning C4267: 'initializing': conversion from 'size_t' to 'int', possible loss of data
c:\users\samue\documents\workspace\openglframework\openglframework\openglframework\utils\..\Dependencies\cimg\CImg.h(2373): warning C4267: 'initializing': conversion from 'size_t' to 'const int', possible loss of data
c:\users\samue\documents\workspace\openglframework\openglframework\openglframework\utils\..\Dependencies\cimg\CImg.h(14832): warning C4319: '~': zero extending 'unsigned long' to 'const double' of greater size
  c:\users\samue\documents\workspace\openglframework\openglframework\openglframework\utils\..\Dependencies\cimg\CImg.h(14295): note: while compiling class template member function 'unsigned int cimg_library::CImg<float>::_cimg_math_parser::compile(char *,char *,unsigned int *)'
  c:\users\samue\documents\workspace\openglframework\openglframework\openglframework\utils\..\Dependencies\cimg\CImg.h(14222): note: see reference to function template instantiation 'unsigned int cimg_library::CImg<float>::_cimg_math_parser::compile(char *,char *,unsigned int *)' being compiled
  c:\users\samue\documents\workspace\openglframework\openglframework\openglframework\utils\..\Dependencies\cimg\CImg.h(18057): note: see reference to class template instantiation 'cimg_library::CImg<float>::_cimg_math_parser' being compiled
  c:\users\samue\documents\workspace\openglframework\openglframework\openglframework\utils\..\Dependencies\cimg\CImg.h(18047): note: while compiling class template member function 'double cimg_library::CImg<float>::_eval(cimg_library::CImg<float> *const ,const char *const ,const double,const double,const double,const double,const cimg_library::CImgList<float> *const ,cimg_library::CImgList<float> *const ) const'
  c:\users\samue\documents\workspace\openglframework\openglframework\openglframework\utils\..\Dependencies\cimg\CImg.h(18042): note: see reference to function template instantiation 'double cimg_library::CImg<float>::_eval(cimg_library::CImg<float> *const ,const char *const ,const double,const double,const double,const double,const cimg_library::CImgList<float> *const ,cimg_library::CImgList<float> *const ) const' being compiled
  c:\users\samue\documents\workspace\openglframework\openglframework\openglframework\utils\..\Dependencies\cimg\CImg.h(29738): note: see reference to class template instantiation 'cimg_library::CImg<float>' being compiled
  c:\users\samue\documents\workspace\openglframework\openglframework\openglframework\utils\..\Dependencies\cimg\CImg.h(52418): note: see reference to class template instantiation 'cimg_library::CImg<char>' being compiled
c:\users\samue\documents\workspace\openglframework\openglframework\openglframework\utils\..\Dependencies\cimg\CImg.h(15721): warning C4319: '~': zero extending 'unsigned long' to 'double' of greater size
  c:\users\samue\documents\workspace\openglframework\openglframework\openglframework\utils\..\Dependencies\cimg\CImg.h(15720): note: while compiling class template member function 'double cimg_library::CImg<float>::_cimg_math_parser::mp_bitwise_not(cimg_library::CImg<float>::_cimg_math_parser &)'
  c:\users\samue\documents\workspace\openglframework\openglframework\openglframework\utils\..\Dependencies\cimg\CImg.h(14833): note: see reference to function template instantiation 'double cimg_library::CImg<float>::_cimg_math_parser::mp_bitwise_not(cimg_library::CImg<float>::_cimg_math_parser &)' being compiled
  main.cpp
c:\users\samue\documents\workspace\openglframework\openglframework\openglframework\Utils/Color.h(6): warning C4005: 'TRANSPARENT': macro redefinition
  C:\Program Files (x86)\Windows Kits\8.1\Include\um\wingdi.h(1861): note: see previous definition of 'TRANSPARENT'
c:\users\samue\documents\workspace\openglframework\openglframework\openglframework\utils\..\Dependencies\cimg\CImg.h(2342): warning C4267: 'initializing': conversion from 'size_t' to 'int', possible loss of data
c:\users\samue\documents\workspace\openglframework\openglframework\openglframework\utils\..\Dependencies\cimg\CImg.h(2342): warning C4267: 'initializing': conversion from 'size_t' to 'const int', possible loss of data
c:\users\samue\documents\workspace\openglframework\openglframework\openglframework\utils\..\Dependencies\cimg\CImg.h(2349): warning C4267: 'initializing': conversion from 'size_t' to 'int', possible loss of data
c:\users\samue\documents\workspace\openglframework\openglframework\openglframework\utils\..\Dependencies\cimg\CImg.h(2349): warning C4267: 'initializing': conversion from 'size_t' to 'const int', possible loss of data
c:\users\samue\documents\workspace\openglframework\openglframework\openglframework\utils\..\Dependencies\cimg\CImg.h(2366): warning C4267: 'initializing': conversion from 'size_t' to 'int', possible loss of data
c:\users\samue\documents\workspace\openglframework\openglframework\openglframework\utils\..\Dependencies\cimg\CImg.h(2366): warning C4267: 'initializing': conversion from 'size_t' to 'const int', possible loss of data
c:\users\samue\documents\workspace\openglframework\openglframework\openglframework\utils\..\Dependencies\cimg\CImg.h(2373): warning C4267: 'initializing': conversion from 'size_t' to 'int', possible loss of data
c:\users\samue\documents\workspace\openglframework\openglframework\openglframework\utils\..\Dependencies\cimg\CImg.h(2373): warning C4267: 'initializing': conversion from 'size_t' to 'const int', possible loss of data
c:\users\samue\documents\workspace\openglframework\openglframework\openglframework\utils\..\Dependencies\cimg\CImg.h(14832): warning C4319: '~': zero extending 'unsigned long' to 'const double' of greater size
  c:\users\samue\documents\workspace\openglframework\openglframework\openglframework\utils\..\Dependencies\cimg\CImg.h(14295): note: while compiling class template member function 'unsigned int cimg_library::CImg<float>::_cimg_math_parser::compile(char *,char *,unsigned int *)'
  c:\users\samue\documents\workspace\openglframework\openglframework\openglframework\utils\..\Dependencies\cimg\CImg.h(14222): note: see reference to function template instantiation 'unsigned int cimg_library::CImg<float>::_cimg_math_parser::compile(char *,char *,unsigned int *)' being compiled
  c:\users\samue\documents\workspace\openglframework\openglframework\openglframework\utils\..\Dependencies\cimg\CImg.h(18057): note: see reference to class template instantiation 'cimg_library::CImg<float>::_cimg_math_parser' being compiled
  c:\users\samue\documents\workspace\openglframework\openglframework\openglframework\utils\..\Dependencies\cimg\CImg.h(18047): note: while compiling class template member function 'double cimg_library::CImg<float>::_eval(cimg_library::CImg<float> *const ,const char *const ,const double,const double,const double,const double,const cimg_library::CImgList<float> *const ,cimg_library::CImgList<float> *const ) const'
  c:\users\samue\documents\workspace\openglframework\openglframework\openglframework\utils\..\Dependencies\cimg\CImg.h(18042): note: see reference to function template instantiation 'double cimg_library::CImg<float>::_eval(cimg_library::CImg<float> *const ,const char *const ,const double,const double,const double,const double,const cimg_library::CImgList<float> *const ,cimg_library::CImgList<float> *const ) const' being compiled
  c:\users\samue\documents\workspace\openglframework\openglframework\openglframework\utils\..\Dependencies\cimg\CImg.h(29738): note: see reference to class template instantiation 'cimg_library::CImg<float>' being compiled
  c:\users\samue\documents\workspace\openglframework\openglframework\openglframework\utils\..\Dependencies\cimg\CImg.h(52418): note: see reference to class template instantiation 'cimg_library::CImg<char>' being compiled
c:\users\samue\documents\workspace\openglframework\openglframework\openglframework\utils\..\Dependencies\cimg\CImg.h(15721): warning C4319: '~': zero extending 'unsigned long' to 'double' of greater size
  c:\users\samue\documents\workspace\openglframework\openglframework\openglframework\utils\..\Dependencies\cimg\CImg.h(15720): note: while compiling class template member function 'double cimg_library::CImg<float>::_cimg_math_parser::mp_bitwise_not(cimg_library::CImg<float>::_cimg_math_parser &)'
  c:\users\samue\documents\workspace\openglframework\openglframework\openglframework\utils\..\Dependencies\cimg\CImg.h(14833): note: see reference to function template instantiation 'double cimg_library::CImg<float>::_cimg_math_parser::mp_bitwise_not(cimg_library::CImg<float>::_cimg_math_parser &)' being compiled
  Compiling...
  Planet.cpp
c:\users\samue\documents\workspace\openglframework\openglframework\openglframework\utils\..\Dependencies\cimg\CImg.h(2342): warning C4267: 'initializing': conversion from 'size_t' to 'int', possible loss of data
c:\users\samue\documents\workspace\openglframework\openglframework\openglframework\utils\..\Dependencies\cimg\CImg.h(2342): warning C4267: 'initializing': conversion from 'size_t' to 'const int', possible loss of data
c:\users\samue\documents\workspace\openglframework\openglframework\openglframework\utils\..\Dependencies\cimg\CImg.h(2349): warning C4267: 'initializing': conversion from 'size_t' to 'int', possible loss of data
c:\users\samue\documents\workspace\openglframework\openglframework\openglframework\utils\..\Dependencies\cimg\CImg.h(2349): warning C4267: 'initializing': conversion from 'size_t' to 'const int', possible loss of data
c:\users\samue\documents\workspace\openglframework\openglframework\openglframework\utils\..\Dependencies\cimg\CImg.h(2366): warning C4267: 'initializing': conversion from 'size_t' to 'int', possible loss of data
c:\users\samue\documents\workspace\openglframework\openglframework\openglframework\utils\..\Dependencies\cimg\CImg.h(2366): warning C4267: 'initializing': conversion from 'size_t' to 'const int', possible loss of data
c:\users\samue\documents\workspace\openglframework\openglframework\openglframework\utils\..\Dependencies\cimg\CImg.h(2373): warning C4267: 'initializing': conversion from 'size_t' to 'int', possible loss of data
c:\users\samue\documents\workspace\openglframework\openglframework\openglframework\utils\..\Dependencies\cimg\CImg.h(2373): warning C4267: 'initializing': conversion from 'size_t' to 'const int', possible loss of data
c:\users\samue\documents\workspace\openglframework\openglframework\openglframework\utils\..\Dependencies\cimg\CImg.h(14832): warning C4319: '~': zero extending 'unsigned long' to 'const double' of greater size
  c:\users\samue\documents\workspace\openglframework\openglframework\openglframework\utils\..\Dependencies\cimg\CImg.h(14295): note: while compiling class template member function 'unsigned int cimg_library::CImg<float>::_cimg_math_parser::compile(char *,char *,unsigned int *)'
  c:\users\samue\documents\workspace\openglframework\openglframework\openglframework\utils\..\Dependencies\cimg\CImg.h(14222): note: see reference to function template instantiation 'unsigned int cimg_library::CImg<float>::_cimg_math_parser::compile(char *,char *,unsigned int *)' being compiled
  c:\users\samue\documents\workspace\openglframework\openglframework\openglframework\utils\..\Dependencies\cimg\CImg.h(18057): note: see reference to class template instantiation 'cimg_library::CImg<float>::_cimg_math_parser' being compiled
  c:\users\samue\documents\workspace\openglframework\openglframework\openglframework\utils\..\Dependencies\cimg\CImg.h(18047): note: while compiling class template member function 'double cimg_library::CImg<float>::_eval(cimg_library::CImg<float> *const ,const char *const ,const double,const double,const double,const double,const cimg_library::CImgList<float> *const ,cimg_library::CImgList<float> *const ) const'
  c:\users\samue\documents\workspace\openglframework\openglframework\openglframework\utils\..\Dependencies\cimg\CImg.h(18042): note: see reference to function template instantiation 'double cimg_library::CImg<float>::_eval(cimg_library::CImg<float> *const ,const char *const ,const double,const double,const double,const double,const cimg_library::CImgList<float> *const ,cimg_library::CImgList<float> *const ) const' being compiled
  c:\users\samue\documents\workspace\openglframework\openglframework\openglframework\utils\..\Dependencies\cimg\CImg.h(29738): note: see reference to class template instantiation 'cimg_library::CImg<float>' being compiled
  c:\users\samue\documents\workspace\openglframework\openglframework\openglframework\utils\..\Dependencies\cimg\CImg.h(52418): note: see reference to class template instantiation 'cimg_library::CImg<char>' being compiled
c:\users\samue\documents\workspace\openglframework\openglframework\openglframework\utils\..\Dependencies\cimg\CImg.h(15721): warning C4319: '~': zero extending 'unsigned long' to 'double' of greater size
  c:\users\samue\documents\workspace\openglframework\openglframework\openglframework\utils\..\Dependencies\cimg\CImg.h(15720): note: while compiling class template member function 'double cimg_library::CImg<float>::_cimg_math_parser::mp_bitwise_not(cimg_library::CImg<float>::_cimg_math_parser &)'
  c:\users\samue\documents\workspace\openglframework\openglframework\openglframework\utils\..\Dependencies\cimg\CImg.h(14833): note: see reference to function template instantiation 'double cimg_library::CImg<float>::_cimg_math_parser::mp_bitwise_not(cimg_library::CImg<float>::_cimg_math_parser &)' being compiled
  Sun.cpp
c:\users\samue\documents\workspace\openglframework\openglframework\openglframework\utils\..\Dependencies\cimg\CImg.h(2342): warning C4267: 'initializing': conversion from 'size_t' to 'int', possible loss of data
c:\users\samue\documents\workspace\openglframework\openglframework\openglframework\utils\..\Dependencies\cimg\CImg.h(2342): warning C4267: 'initializing': conversion from 'size_t' to 'const int', possible loss of data
c:\users\samue\documents\workspace\openglframework\openglframework\openglframework\utils\..\Dependencies\cimg\CImg.h(2349): warning C4267: 'initializing': conversion from 'size_t' to 'int', possible loss of data
c:\users\samue\documents\workspace\openglframework\openglframework\openglframework\utils\..\Dependencies\cimg\CImg.h(2349): warning C4267: 'initializing': conversion from 'size_t' to 'const int', possible loss of data
c:\users\samue\documents\workspace\openglframework\openglframework\openglframework\utils\..\Dependencies\cimg\CImg.h(2366): warning C4267: 'initializing': conversion from 'size_t' to 'int', possible loss of data
c:\users\samue\documents\workspace\openglframework\openglframework\openglframework\utils\..\Dependencies\cimg\CImg.h(2366): warning C4267: 'initializing': conversion from 'size_t' to 'const int', possible loss of data
c:\users\samue\documents\workspace\openglframework\openglframework\openglframework\utils\..\Dependencies\cimg\CImg.h(2373): warning C4267: 'initializing': conversion from 'size_t' to 'int', possible loss of data
c:\users\samue\documents\workspace\openglframework\openglframework\openglframework\utils\..\Dependencies\cimg\CImg.h(2373): warning C4267: 'initializing': conversion from 'size_t' to 'const int', possible loss of data
c:\users\samue\documents\workspace\openglframework\openglframework\openglframework\utils\..\Dependencies\cimg\CImg.h(14832): warning C4319: '~': zero extending 'unsigned long' to 'const double' of greater size
  c:\users\samue\documents\workspace\openglframework\openglframework\openglframework\utils\..\Dependencies\cimg\CImg.h(14295): note: while compiling class template member function 'unsigned int cimg_library::CImg<float>::_cimg_math_parser::compile(char *,char *,unsigned int *)'
  c:\users\samue\documents\workspace\openglframework\openglframework\openglframework\utils\..\Dependencies\cimg\CImg.h(14222): note: see reference to function template instantiation 'unsigned int cimg_library::CImg<float>::_cimg_math_parser::compile(char *,char *,unsigned int *)' being compiled
  c:\users\samue\documents\workspace\openglframework\openglframework\openglframework\utils\..\Dependencies\cimg\CImg.h(18057): note: see reference to class template instantiation 'cimg_library::CImg<float>::_cimg_math_parser' being compiled
  c:\users\samue\documents\workspace\openglframework\openglframework\openglframework\utils\..\Dependencies\cimg\CImg.h(18047): note: while compiling class template member function 'double cimg_library::CImg<float>::_eval(cimg_library::CImg<float> *const ,const char *const ,const double,const double,const double,const double,const cimg_library::CImgList<float> *const ,cimg_library::CImgList<float> *const ) const'
  c:\users\samue\documents\workspace\openglframework\openglframework\openglframework\utils\..\Dependencies\cimg\CImg.h(18042): note: see reference to function template instantiation 'double cimg_library::CImg<float>::_eval(cimg_library::CImg<float> *const ,const char *const ,const double,const double,const double,const double,const cimg_library::CImgList<float> *const ,cimg_library::CImgList<float> *const ) const' being compiled
  c:\users\samue\documents\workspace\openglframework\openglframework\openglframework\utils\..\Dependencies\cimg\CImg.h(29738): note: see reference to class template instantiation 'cimg_library::CImg<float>' being compiled
  c:\users\samue\documents\workspace\openglframework\openglframework\openglframework\utils\..\Dependencies\cimg\CImg.h(52418): note: see reference to class template instantiation 'cimg_library::CImg<char>' being compiled
c:\users\samue\documents\workspace\openglframework\openglframework\openglframework\utils\..\Dependencies\cimg\CImg.h(15721): warning C4319: '~': zero extending 'unsigned long' to 'double' of greater size
  c:\users\samue\documents\workspace\openglframework\openglframework\openglframework\utils\..\Dependencies\cimg\CImg.h(15720): note: while compiling class template member function 'double cimg_library::CImg<float>::_cimg_math_parser::mp_bitwise_not(cimg_library::CImg<float>::_cimg_math_parser &)'
  c:\users\samue\documents\workspace\openglframework\openglframework\openglframework\utils\..\Dependencies\cimg\CImg.h(14833): note: see reference to function template instantiation 'double cimg_library::CImg<float>::_cimg_math_parser::mp_bitwise_not(cimg_library::CImg<float>::_cimg_math_parser &)' being compiled
  Composite.cpp
c:\users\samue\documents\workspace\openglframework\openglframework\openglframework\Utils/Color.h(6): warning C4005: 'TRANSPARENT': macro redefinition
  C:\Program Files (x86)\Windows Kits\8.1\Include\um\wingdi.h(1861): note: see previous definition of 'TRANSPARENT'
c:\users\samue\documents\workspace\openglframework\openglframework\openglframework\utils\..\Dependencies\cimg\CImg.h(2342): warning C4267: 'initializing': conversion from 'size_t' to 'int', possible loss of data
c:\users\samue\documents\workspace\openglframework\openglframework\openglframework\utils\..\Dependencies\cimg\CImg.h(2342): warning C4267: 'initializing': conversion from 'size_t' to 'const int', possible loss of data
c:\users\samue\documents\workspace\openglframework\openglframework\openglframework\utils\..\Dependencies\cimg\CImg.h(2349): warning C4267: 'initializing': conversion from 'size_t' to 'int', possible loss of data
c:\users\samue\documents\workspace\openglframework\openglframework\openglframework\utils\..\Dependencies\cimg\CImg.h(2349): warning C4267: 'initializing': conversion from 'size_t' to 'const int', possible loss of data
c:\users\samue\documents\workspace\openglframework\openglframework\openglframework\utils\..\Dependencies\cimg\CImg.h(2366): warning C4267: 'initializing': conversion from 'size_t' to 'int', possible loss of data
c:\users\samue\documents\workspace\openglframework\openglframework\openglframework\utils\..\Dependencies\cimg\CImg.h(2366): warning C4267: 'initializing': conversion from 'size_t' to 'const int', possible loss of data
c:\users\samue\documents\workspace\openglframework\openglframework\openglframework\utils\..\Dependencies\cimg\CImg.h(2373): warning C4267: 'initializing': conversion from 'size_t' to 'int', possible loss of data
c:\users\samue\documents\workspace\openglframework\openglframework\openglframework\utils\..\Dependencies\cimg\CImg.h(2373): warning C4267: 'initializing': conversion from 'size_t' to 'const int', possible loss of data
c:\users\samue\documents\workspace\openglframework\openglframework\openglframework\utils\..\Dependencies\cimg\CImg.h(14832): warning C4319: '~': zero extending 'unsigned long' to 'const double' of greater size
  c:\users\samue\documents\workspace\openglframework\openglframework\openglframework\utils\..\Dependencies\cimg\CImg.h(14295): note: while compiling class template member function 'unsigned int cimg_library::CImg<float>::_cimg_math_parser::compile(char *,char *,unsigned int *)'
  c:\users\samue\documents\workspace\openglframework\openglframework\openglframework\utils\..\Dependencies\cimg\CImg.h(14222): note: see reference to function template instantiation 'unsigned int cimg_library::CImg<float>::_cimg_math_parser::compile(char *,char *,unsigned int *)' being compiled
  c:\users\samue\documents\workspace\openglframework\openglframework\openglframework\utils\..\Dependencies\cimg\CImg.h(18057): note: see reference to class template instantiation 'cimg_library::CImg<float>::_cimg_math_parser' being compiled
  c:\users\samue\documents\workspace\openglframework\openglframework\openglframework\utils\..\Dependencies\cimg\CImg.h(18047): note: while compiling class template member function 'double cimg_library::CImg<float>::_eval(cimg_library::CImg<float> *const ,const char *const ,const double,const double,const double,const double,const cimg_library::CImgList<float> *const ,cimg_library::CImgList<float> *const ) const'
  c:\users\samue\documents\workspace\openglframework\openglframework\openglframework\utils\..\Dependencies\cimg\CImg.h(18042): note: see reference to function template instantiation 'double cimg_library::CImg<float>::_eval(cimg_library::CImg<float> *const ,const char *const ,const double,const double,const double,const double,const cimg_library::CImgList<float> *const ,cimg_library::CImgList<float> *const ) const' being compiled
  c:\users\samue\documents\workspace\openglframework\openglframework\openglframework\utils\..\Dependencies\cimg\CImg.h(29738): note: see reference to class template instantiation 'cimg_library::CImg<float>' being compiled
  c:\users\samue\documents\workspace\openglframework\openglframework\openglframework\utils\..\Dependencies\cimg\CImg.h(52418): note: see reference to class template instantiation 'cimg_library::CImg<char>' being compiled
c:\users\samue\documents\workspace\openglframework\openglframework\openglframework\utils\..\Dependencies\cimg\CImg.h(15721): warning C4319: '~': zero extending 'unsigned long' to 'double' of greater size
  c:\users\samue\documents\workspace\openglframework\openglframework\openglframework\utils\..\Dependencies\cimg\CImg.h(15720): note: while compiling class template member function 'double cimg_library::CImg<float>::_cimg_math_parser::mp_bitwise_not(cimg_library::CImg<float>::_cimg_math_parser &)'
  c:\users\samue\documents\workspace\openglframework\openglframework\openglframework\utils\..\Dependencies\cimg\CImg.h(14833): note: see reference to function template instantiation 'double cimg_library::CImg<float>::_cimg_math_parser::mp_bitwise_not(cimg_library::CImg<float>::_cimg_math_parser &)' being compiled
  MeshBank.cpp
  TextureBank.cpp
c:\users\samue\documents\workspace\openglframework\openglframework\openglframework\utils\..\Dependencies\cimg\CImg.h(2342): warning C4267: 'initializing': conversion from 'size_t' to 'int', possible loss of data
c:\users\samue\documents\workspace\openglframework\openglframework\openglframework\utils\..\Dependencies\cimg\CImg.h(2342): warning C4267: 'initializing': conversion from 'size_t' to 'const int', possible loss of data
c:\users\samue\documents\workspace\openglframework\openglframework\openglframework\utils\..\Dependencies\cimg\CImg.h(2349): warning C4267: 'initializing': conversion from 'size_t' to 'int', possible loss of data
c:\users\samue\documents\workspace\openglframework\openglframework\openglframework\utils\..\Dependencies\cimg\CImg.h(2349): warning C4267: 'initializing': conversion from 'size_t' to 'const int', possible loss of data
c:\users\samue\documents\workspace\openglframework\openglframework\openglframework\utils\..\Dependencies\cimg\CImg.h(2366): warning C4267: 'initializing': conversion from 'size_t' to 'int', possible loss of data
c:\users\samue\documents\workspace\openglframework\openglframework\openglframework\utils\..\Dependencies\cimg\CImg.h(2366): warning C4267: 'initializing': conversion from 'size_t' to 'const int', possible loss of data
c:\users\samue\documents\workspace\openglframework\openglframework\openglframework\utils\..\Dependencies\cimg\CImg.h(2373): warning C4267: 'initializing': conversion from 'size_t' to 'int', possible loss of data
c:\users\samue\documents\workspace\openglframework\openglframework\openglframework\utils\..\Dependencies\cimg\CImg.h(2373): warning C4267: 'initializing': conversion from 'size_t' to 'const int', possible loss of data
c:\users\samue\documents\workspace\openglframework\openglframework\openglframework\utils\..\Dependencies\cimg\CImg.h(14832): warning C4319: '~': zero extending 'unsigned long' to 'const double' of greater size
  c:\users\samue\documents\workspace\openglframework\openglframework\openglframework\utils\..\Dependencies\cimg\CImg.h(14295): note: while compiling class template member function 'unsigned int cimg_library::CImg<float>::_cimg_math_parser::compile(char *,char *,unsigned int *)'
  c:\users\samue\documents\workspace\openglframework\openglframework\openglframework\utils\..\Dependencies\cimg\CImg.h(14222): note: see reference to function template instantiation 'unsigned int cimg_library::CImg<float>::_cimg_math_parser::compile(char *,char *,unsigned int *)' being compiled
  c:\users\samue\documents\workspace\openglframework\openglframework\openglframework\utils\..\Dependencies\cimg\CImg.h(18057): note: see reference to class template instantiation 'cimg_library::CImg<float>::_cimg_math_parser' being compiled
  c:\users\samue\documents\workspace\openglframework\openglframework\openglframework\utils\..\Dependencies\cimg\CImg.h(18047): note: while compiling class template member function 'double cimg_library::CImg<float>::_eval(cimg_library::CImg<float> *const ,const char *const ,const double,const double,const double,const double,const cimg_library::CImgList<float> *const ,cimg_library::CImgList<float> *const ) const'
  c:\users\samue\documents\workspace\openglframework\openglframework\openglframework\utils\..\Dependencies\cimg\CImg.h(18042): note: see reference to function template instantiation 'double cimg_library::CImg<float>::_eval(cimg_library::CImg<float> *const ,const char *const ,const double,const double,const double,const double,const cimg_library::CImgList<float> *const ,cimg_library::CImgList<float> *const ) const' being compiled
  c:\users\samue\documents\workspace\openglframework\openglframework\openglframework\utils\..\Dependencies\cimg\CImg.h(29738): note: see reference to class template instantiation 'cimg_library::CImg<float>' being compiled
  c:\users\samue\documents\workspace\openglframework\openglframework\openglframework\utils\..\Dependencies\cimg\CImg.h(52418): note: see reference to class template instantiation 'cimg_library::CImg<char>' being compiled
c:\users\samue\documents\workspace\openglframework\openglframework\openglframework\utils\..\Dependencies\cimg\CImg.h(15721): warning C4319: '~': zero extending 'unsigned long' to 'double' of greater size
  c:\users\samue\documents\workspace\openglframework\openglframework\openglframework\utils\..\Dependencies\cimg\CImg.h(15720): note: while compiling class template member function 'double cimg_library::CImg<float>::_cimg_math_parser::mp_bitwise_not(cimg_library::CImg<float>::_cimg_math_parser &)'
  c:\users\samue\documents\workspace\openglframework\openglframework\openglframework\utils\..\Dependencies\cimg\CImg.h(14833): note: see reference to function template instantiation 'double cimg_library::CImg<float>::_cimg_math_parser::mp_bitwise_not(cimg_library::CImg<float>::_cimg_math_parser &)' being compiled
  Vertex.cpp
LINK : fatal error LNK1104: cannot open file 'freeglut.lib'
