c:\users\yannick\onedrive\hiver2017\infographie\openglframework\openglframework\uiqt\release\uiqt.obj
c:\users\yannick\onedrive\hiver2017\infographie\openglframework\openglframework\uiqt\release\uiinterface.obj
c:\users\yannick\onedrive\hiver2017\infographie\openglframework\openglframework\uiqt\release\treeitem.obj
c:\users\yannick\onedrive\hiver2017\infographie\openglframework\openglframework\uiqt\release\tree.obj
c:\users\yannick\onedrive\hiver2017\infographie\openglframework\openglframework\uiqt\release\scene.obj
c:\users\yannick\onedrive\hiver2017\infographie\openglframework\openglframework\uiqt\release\main.obj
c:\users\yannick\onedrive\hiver2017\infographie\openglframework\openglframework\uiqt\release\moc_uiqt.obj
c:\users\yannick\onedrive\hiver2017\infographie\openglframework\openglframework\uiqt\release\moc_tree.obj
c:\users\yannick\onedrive\hiver2017\infographie\openglframework\openglframework\uiqt\release\customshader.obj
c:\users\yannick\onedrive\hiver2017\infographie\openglframework\openglframework\uiqt\release\qrc_uiqt.obj
c:\users\samue\documents\workspace\openglframework\openglframework\uiqt\release\uiqt.obj
c:\users\samue\documents\workspace\openglframework\openglframework\uiqt\release\uiinterface.obj
c:\users\samue\documents\workspace\openglframework\openglframework\uiqt\release\scene.obj
c:\users\samue\documents\workspace\openglframework\openglframework\uiqt\release\main.obj
c:\users\samue\documents\workspace\openglframework\openglframework\uiqt\release\moc_uiqt.obj
c:\users\samue\documents\workspace\openglframework\openglframework\uiqt\release\customshader.obj
c:\users\samue\documents\workspace\openglframework\openglframework\uiqt\release\qrc_uiqt.obj
c:\users\yannick\onedrive\hiver2017\infographie\openglframework\openglframework\uiqt\generatedfiles\qrc_uiqt.cpp
c:\users\yannick\onedrive\hiver2017\infographie\openglframework\openglframework\uiqt\generatedfiles\release\moc_uiqt.cpp
c:\users\yannick\onedrive\hiver2017\infographie\openglframework\openglframework\uiqt\generatedfiles\ui_uiqt.h
c:\users\samue\documents\workspace\openglframework\openglframework\uiqt\generatedfiles\release\moc_uiqt.cpp
c:\users\samue\documents\workspace\openglframework\openglframework\uiqt\generatedfiles\ui_uiqt.h
c:\users\samue\documents\workspace\openglframework\openglframework\uiqt\generatedfiles\qrc_uiqt.cpp
c:\users\yannick\onedrive\hiver2017\infographie\openglframework\openglframework\release\uiqt.exe
c:\users\samue\documents\workspace\openglframework\openglframework\uiqt\release\uiqt.tlog\cl.command.1.tlog
c:\users\samue\documents\workspace\openglframework\openglframework\uiqt\release\uiqt.tlog\cl.read.1.tlog
c:\users\samue\documents\workspace\openglframework\openglframework\uiqt\release\uiqt.tlog\cl.write.1.tlog
c:\users\samue\documents\workspace\openglframework\openglframework\uiqt\release\uiqt.tlog\custombuild.command.1.tlog
c:\users\samue\documents\workspace\openglframework\openglframework\uiqt\release\uiqt.tlog\custombuild.read.1.tlog
c:\users\samue\documents\workspace\openglframework\openglframework\uiqt\release\uiqt.tlog\custombuild.write.1.tlog
c:\users\samue\documents\workspace\openglframework\openglframework\uiqt\release\uiqt.tlog\link.10440.read.1.tlog
c:\users\samue\documents\workspace\openglframework\openglframework\uiqt\release\uiqt.tlog\link.10440.write.1.tlog
c:\users\samue\documents\workspace\openglframework\openglframework\uiqt\release\uiqt.tlog\link.command.1.tlog
c:\users\samue\documents\workspace\openglframework\openglframework\uiqt\release\uiqt.tlog\link.read.1.tlog
c:\users\samue\documents\workspace\openglframework\openglframework\uiqt\release\uiqt.tlog\link.write.1.tlog
