  Moc'ing uiqt.h...
  Uic'ing uiqt.ui...
  Rcc'ing uiqt.qrc...
RCC : warning : No resources in 'C:\Users\samue\Documents\workspace\OpenGLFramework\OpenGLFramework\UIQT\uiqt.qrc'.
  
  CustomShader.cpp
  moc_uiqt.cpp
  main.cpp
  Scene.cpp
  UIInterface.cpp
  uiqt.cpp
  Generating Code...
  qrc_uiqt.cpp
  OpenGLFramework.lib(BaseShader.obj) : MSIL .netmodule or module compiled with /GL found; restarting link with /LTCG; add /LTCG to the link command line to improve linker performance
LINK : warning LNK4098: defaultlib 'LIBCMT' conflicts with use of other libs; use /NODEFAULTLIB:library
  Generating code
c:\users\samue\documents\workspace\openglframework\openglframework\openglframework\framework\baseobject.cpp(136): warning C4172: returning address of local variable or temporary
c:\users\samue\documents\workspace\openglframework\openglframework\openglframework\framework\baseobject.cpp(151): warning C4172: returning address of local variable or temporary
c:\users\samue\documents\workspace\openglframework\openglframework\openglframework\framework\baseobject.cpp(131): warning C4172: returning address of local variable or temporary
  Finished generating code
  UIQT.vcxproj -> C:\Users\samue\Documents\workspace\OpenGLFramework\OpenGLFramework\Release\UIQT.exe
