CustomShader.obj : error LNK2019: unresolved external symbol "public: __thiscall Rendering::BaseShader::BaseShader(void)" (??0BaseShader@Rendering@@QAE@XZ) referenced in function "public: __thiscall Application::CustomShader::CustomShader(void)" (??0CustomShader@Application@@QAE@XZ)
CustomShader.obj : error LNK2019: unresolved external symbol "public: __thiscall Rendering::BaseShader::~BaseShader(void)" (??1BaseShader@Rendering@@QAE@XZ) referenced in function "public: __thiscall Application::CustomShader::~CustomShader(void)" (??1CustomShader@Application@@QAE@XZ)
CustomShader.obj : error LNK2001: unresolved external symbol "public: virtual void __thiscall Rendering::BaseShader::SetViewMatrix(class Math::Matrix4 const &)const " (?SetViewMatrix@BaseShader@Rendering@@UBEXABVMatrix4@Math@@@Z)
CustomShader.obj : error LNK2001: unresolved external symbol "public: virtual void __thiscall Rendering::BaseShader::SetProjectionMatrix(class Math::Matrix4 const &)const " (?SetProjectionMatrix@BaseShader@Rendering@@UBEXABVMatrix4@Math@@@Z)
CustomShader.obj : error LNK2001: unresolved external symbol "public: virtual void __thiscall Rendering::BaseShader::SetWorldMatrix(class Math::Matrix4 const &)const " (?SetWorldMatrix@BaseShader@Rendering@@UBEXABVMatrix4@Math@@@Z)
CustomShader.obj : error LNK2001: unresolved external symbol "public: virtual void __thiscall Rendering::BaseShader::Use(void)const " (?Use@BaseShader@Rendering@@UBEXXZ)
CustomShader.obj : error LNK2001: unresolved external symbol "public: virtual unsigned int const __thiscall Rendering::BaseShader::GetGlProgram(void)const " (?GetGlProgram@BaseShader@Rendering@@UBE?BIXZ)
CustomShader.obj : error LNK2001: unresolved external symbol "protected: virtual float const * __thiscall Rendering::BaseShader::MatrixToFloatArray(class Math::Matrix4 const &)const " (?MatrixToFloatArray@BaseShader@Rendering@@MBEPBMABVMatrix4@Math@@@Z)
main.obj : error LNK2019: unresolved external symbol "public: void __thiscall Framework::Window::Initialize(void)" (?Initialize@Window@Framework@@QAEXXZ) referenced in function _main
main.obj : error LNK2019: unresolved external symbol "public: void __thiscall Framework::Window::Destroy(void)" (?Destroy@Window@Framework@@QAEXXZ) referenced in function _main
main.obj : error LNK2019: unresolved external symbol "public: void __thiscall Framework::Window::Frame(void)" (?Frame@Window@Framework@@QAEXXZ) referenced in function "void __cdecl Frame(int)" (?Frame@@YAXH@Z)
main.obj : error LNK2019: unresolved external symbol "public: void __thiscall Framework::Window::OnKeyPress(unsigned char,int,int)" (?OnKeyPress@Window@Framework@@QAEXEHH@Z) referenced in function "void __cdecl OnKeyPress(unsigned char,int,int)" (?OnKeyPress@@YAXEHH@Z)
main.obj : error LNK2019: unresolved external symbol "public: void __thiscall Framework::Window::OnKeyRelease(unsigned char,int,int)" (?OnKeyRelease@Window@Framework@@QAEXEHH@Z) referenced in function "void __cdecl OnKeyRelease(unsigned char,int,int)" (?OnKeyRelease@@YAXEHH@Z)
main.obj : error LNK2019: unresolved external symbol "public: void __thiscall Framework::Window::OnMouseMove(int,int)" (?OnMouseMove@Window@Framework@@QAEXHH@Z) referenced in function "void __cdecl OnMouseMove(int,int)" (?OnMouseMove@@YAXHH@Z)
main.obj : error LNK2019: unresolved external symbol "public: void __thiscall Framework::Window::SetScene(class IScene &)" (?SetScene@Window@Framework@@QAEXAAVIScene@@@Z) referenced in function _main
main.obj : error LNK2001: unresolved external symbol "public: virtual class Framework::OpenGL const & __thiscall Framework::Window::GetOpenGLWrapper(void)const " (?GetOpenGLWrapper@Window@Framework@@UBEABVOpenGL@2@XZ)
main.obj : error LNK2001: unresolved external symbol "public: virtual class Input::InputHandler const & __thiscall Framework::Window::GetInputHandler(void)const " (?GetInputHandler@Window@Framework@@UBEABVInputHandler@Input@@XZ)
main.obj : error LNK2001: unresolved external symbol "public: virtual float const __thiscall Framework::Window::GetWidth(void)const " (?GetWidth@Window@Framework@@UBE?BMXZ)
main.obj : error LNK2001: unresolved external symbol "public: virtual float const __thiscall Framework::Window::GetHeight(void)const " (?GetHeight@Window@Framework@@UBE?BMXZ)
Scene.obj : error LNK2019: unresolved external symbol "public: static class std::vector<class std::basic_string<char,struct std::char_traits<char>,class std::allocator<char> >,class std::allocator<class std::basic_string<char,struct std::char_traits<char>,class std::allocator<char> > > > const __cdecl Utils::Log::GetLastOutput(unsigned int)" (?GetLastOutput@Log@Utils@@SA?BV?$vector@V?$basic_string@DU?$char_traits@D@std@@V?$allocator@D@2@@std@@V?$allocator@V?$basic_string@DU?$char_traits@D@std@@V?$allocator@D@2@@std@@@2@@std@@I@Z) referenced in function "private: void __thiscall Application::Scene::UpdateConsoleText(void)" (?UpdateConsoleText@Scene@Application@@AAEXXZ)
Scene.obj : error LNK2019: unresolved external symbol "public: void __thiscall IO::TextureLoader::Initialize(void)" (?Initialize@TextureLoader@IO@@QAEXXZ) referenced in function "public: __thiscall Application::Scene::Scene(class IWindow &)" (??0Scene@Application@@QAE@AAVIWindow@@@Z)
Scene.obj : error LNK2019: unresolved external symbol "public: __thiscall Math::Vector3::Vector3(float,float,float)" (??0Vector3@Math@@QAE@MMM@Z) referenced in function "public: virtual void __thiscall Application::Scene::Input(void)" (?Input@Scene@Application@@UAEXXZ)
Scene.obj : error LNK2019: unresolved external symbol "public: __thiscall Math::Matrix4::Matrix4(void)" (??0Matrix4@Math@@QAE@XZ) referenced in function "public: virtual void __thiscall Application::Scene::Render(void)const " (?Render@Scene@Application@@UBEXXZ)
Scene.obj : error LNK2019: unresolved external symbol "public: __thiscall Framework::Skybox::Skybox(void)" (??0Skybox@Framework@@QAE@XZ) referenced in function "public: __thiscall Application::Scene::Scene(class IWindow &)" (??0Scene@Application@@QAE@AAVIWindow@@@Z)
Scene.obj : error LNK2019: unresolved external symbol "public: void __thiscall Framework::Skybox::Initialize(char const *,class IO::TextureLoader const *)" (?Initialize@Skybox@Framework@@QAEXPBDPBVTextureLoader@IO@@@Z) referenced in function "public: __thiscall Application::Scene::Scene(class IWindow &)" (??0Scene@Application@@QAE@AAVIWindow@@@Z)
Scene.obj : error LNK2019: unresolved external symbol "public: void __thiscall Framework::Skybox::Render(class ICamera const &)const " (?Render@Skybox@Framework@@QBEXABVICamera@@@Z) referenced in function "public: virtual void __thiscall Application::Scene::Render(void)const " (?Render@Scene@Application@@UBEXXZ)
Scene.obj : error LNK2019: unresolved external symbol "public: __thiscall Rendering::BasicShader::BasicShader(void)" (??0BasicShader@Rendering@@QAE@XZ) referenced in function "public: __thiscall Application::Scene::Scene(class IWindow &)" (??0Scene@Application@@QAE@AAVIWindow@@@Z)
Scene.obj : error LNK2019: unresolved external symbol "public: __thiscall Rendering::AdvancedShader::AdvancedShader(void)" (??0AdvancedShader@Rendering@@QAE@XZ) referenced in function "public: __thiscall Application::Scene::Scene(class IWindow &)" (??0Scene@Application@@QAE@AAVIWindow@@@Z)
Scene.obj : error LNK2019: unresolved external symbol "public: __thiscall Rendering::ColorShader::ColorShader(void)" (??0ColorShader@Rendering@@QAE@XZ) referenced in function "public: __thiscall Application::Scene::Scene(class IWindow &)" (??0Scene@Application@@QAE@AAVIWindow@@@Z)
Scene.obj : error LNK2019: unresolved external symbol "public: __thiscall Math::Vector2::Vector2(float,float)" (??0Vector2@Math@@QAE@MM@Z) referenced in function "public: __thiscall Application::Scene::Scene(class IWindow &)" (??0Scene@Application@@QAE@AAVIWindow@@@Z)
Scene.obj : error LNK2019: unresolved external symbol "public: bool const __thiscall Input::InputHandler::IsKeyDown(unsigned char)const " (?IsKeyDown@InputHandler@Input@@QBE?B_NE@Z) referenced in function "public: virtual void __thiscall Application::Scene::Input(void)" (?Input@Scene@Application@@UAEXXZ)
Scene.obj : error LNK2019: unresolved external symbol "public: class Math::Vector2 const __thiscall Input::InputHandler::GetCursorDelta(void)const " (?GetCursorDelta@InputHandler@Input@@QBE?BVVector2@Math@@XZ) referenced in function "public: virtual void __thiscall Application::Scene::Input(void)" (?Input@Scene@Application@@UAEXXZ)
Scene.obj : error LNK2019: unresolved external symbol "public: __thiscall Framework::BaseObject::BaseObject(void)" (??0BaseObject@Framework@@QAE@XZ) referenced in function "public: __thiscall Application::Scene::Scene(class IWindow &)" (??0Scene@Application@@QAE@AAVIWindow@@@Z)
Scene.obj : error LNK2019: unresolved external symbol "public: __thiscall Framework::Light::Light(class Framework::BaseObject &,class IShader const &)" (??0Light@Framework@@QAE@AAVBaseObject@1@ABVIShader@@@Z) referenced in function "public: __thiscall Application::Scene::Scene(class IWindow &)" (??0Scene@Application@@QAE@AAVIWindow@@@Z)
Scene.obj : error LNK2019: unresolved external symbol "public: __thiscall Text::TextHolder::TextHolder(class Math::Vector2 &)" (??0TextHolder@Text@@QAE@AAVVector2@Math@@@Z) referenced in function "public: __thiscall Application::Scene::Scene(class IWindow &)" (??0Scene@Application@@QAE@AAVIWindow@@@Z)
Scene.obj : error LNK2019: unresolved external symbol "public: void __thiscall Text::TextHolder::DrawTexts(void)const " (?DrawTexts@TextHolder@Text@@QBEXXZ) referenced in function "public: virtual void __thiscall Application::Scene::Render(void)const " (?Render@Scene@Application@@UBEXXZ)
Scene.obj : error LNK2019: unresolved external symbol "public: void __thiscall Text::TextHolder::AddLine(class std::basic_string<char,struct std::char_traits<char>,class std::allocator<char> > const &)" (?AddLine@TextHolder@Text@@QAEXABV?$basic_string@DU?$char_traits@D@std@@V?$allocator@D@2@@std@@@Z) referenced in function "private: void __thiscall Application::Scene::UpdateHierarchyText(void)" (?UpdateHierarchyText@Scene@Application@@AAEXXZ)
Scene.obj : error LNK2019: unresolved external symbol "public: void __thiscall Text::TextHolder::Clear(void)" (?Clear@TextHolder@Text@@QAEXXZ) referenced in function "private: void __thiscall Application::Scene::UpdateHierarchyText(void)" (?UpdateHierarchyText@Scene@Application@@AAEXXZ)
Scene.obj : error LNK2019: unresolved external symbol "public: __thiscall Camera::Camera::Camera(void)" (??0Camera@0@QAE@XZ) referenced in function "public: __thiscall Application::Scene::Scene(class IWindow &)" (??0Scene@Application@@QAE@AAVIWindow@@@Z)
Scene.obj : error LNK2019: unresolved external symbol "public: void __thiscall IO::MeshLoader::Initialize(class IO::TextureLoader *)" (?Initialize@MeshLoader@IO@@QAEXPAVTextureLoader@2@@Z) referenced in function "public: __thiscall Application::Scene::Scene(class IWindow &)" (??0Scene@Application@@QAE@AAVIWindow@@@Z)
Scene.obj : error LNK2019: unresolved external symbol "public: __thiscall Rendering::Renderer::Renderer(char const *,class IO::MeshLoader &,class IShader const &)" (??0Renderer@Rendering@@QAE@PBDAAVMeshLoader@IO@@ABVIShader@@@Z) referenced in function "public: __thiscall Application::Scene::Scene(class IWindow &)" (??0Scene@Application@@QAE@AAVIWindow@@@Z)
C:\Users\Yannick\OneDrive\Hiver2017\Infographie\OpenGLFramework\OpenGLFramework\Win32\Debug\\UIQT.exe : fatal error LNK1120: 41 unresolved externals
