c:\users\samue\documents\workspace\openglframework\openglframework\application\debug\vc140.pdb
c:\users\samue\documents\workspace\openglframework\openglframework\application\debug\vc140.idb
c:\users\samue\documents\workspace\openglframework\openglframework\application\debug\custommodel.obj
c:\users\samue\documents\workspace\openglframework\openglframework\application\debug\customshader.obj
c:\users\samue\documents\workspace\openglframework\openglframework\application\debug\main.obj
c:\users\samue\documents\workspace\openglframework\openglframework\application\debug\planet.obj
c:\users\samue\documents\workspace\openglframework\openglframework\application\debug\scene.obj
c:\users\samue\documents\workspace\openglframework\openglframework\application\debug\sun.obj
c:\users\samue\documents\workspace\openglframework\openglframework\debug\application.pdb
c:\users\samue\documents\workspace\openglframework\openglframework\application\debug\application.tlog\cl.command.1.tlog
c:\users\samue\documents\workspace\openglframework\openglframework\application\debug\application.tlog\cl.read.1.tlog
c:\users\samue\documents\workspace\openglframework\openglframework\application\debug\application.tlog\cl.write.1.tlog
c:\users\samue\documents\workspace\openglframework\openglframework\application\debug\application.tlog\link.13560.read.1.tlog
c:\users\samue\documents\workspace\openglframework\openglframework\application\debug\application.tlog\link.13560.write.1.tlog
c:\users\samue\documents\workspace\openglframework\openglframework\application\debug\application.tlog\link.13800.read.1.tlog
c:\users\samue\documents\workspace\openglframework\openglframework\application\debug\application.tlog\link.13800.write.1.tlog
c:\users\samue\documents\workspace\openglframework\openglframework\application\debug\application.tlog\link.9168.read.1.tlog
c:\users\samue\documents\workspace\openglframework\openglframework\application\debug\application.tlog\link.9168.write.1.tlog
c:\users\samue\documents\workspace\openglframework\openglframework\application\debug\application.tlog\link.command.1.tlog
c:\users\samue\documents\workspace\openglframework\openglframework\application\debug\application.tlog\link.read.1.tlog
c:\users\samue\documents\workspace\openglframework\openglframework\application\debug\application.tlog\link.write.1.tlog
