  CustomShader.cpp
  Generating Code...
  Compiling...
  main.cpp
  Sun.cpp
  Scene.cpp
c:\users\samue\documents\workspace\openglframework\openglframework\application\scene.cpp(55): warning C4305: 'argument': truncation from 'double' to 'float'
c:\users\samue\documents\workspace\openglframework\openglframework\application\scene.cpp(59): warning C4305: 'argument': truncation from 'double' to 'float'
c:\users\samue\documents\workspace\openglframework\openglframework\application\scene.cpp(63): warning C4305: 'argument': truncation from 'double' to 'float'
c:\users\samue\documents\workspace\openglframework\openglframework\application\scene.cpp(67): warning C4305: 'argument': truncation from 'double' to 'float'
  Planet.cpp
  Generating Code...
  OpenGLFramework.lib(BaseShader.obj) : MSIL .netmodule or module compiled with /GL found; restarting link with /LTCG; add /LTCG to the link command line to improve linker performance
LINK : warning LNK4075: ignoring '/INCREMENTAL' due to '/LTCG' specification
CustomShader.obj : warning LNK4075: ignoring '/EDITANDCONTINUE' due to '/OPT:LBR' specification
  Generating code
c:\users\samue\documents\workspace\openglframework\openglframework\openglframework\math\vector2.cpp(26): warning C4717: 'Math::Vector2::operator-': recursive on all control paths, function will cause runtime stack overflow
c:\users\samue\documents\workspace\openglframework\openglframework\openglframework\math\vector2.cpp(31): warning C4717: 
c:\users\samue\documents\workspace\openglframework\openglframework\openglframework\math\vector3.cpp(52): warning C4717: 'Math::Vector3::operator*': recursive on all control paths, function will cause runtime stack overflow
c:\users\samue\documents\workspace\openglframework\openglframework\openglframework\math\vector3.cpp(47): warning C4717: 'Math::Vector3::operator-': recursive on all control paths, function will cause runtime stack overflow
c:\users\samue\documents\workspace\openglframework\openglframework\openglframework\framework\baseobject.cpp(141): warning C4172: returning address of local variable or temporary
c:\users\samue\documents\workspace\openglframework\openglframework\openglframework\framework\baseobject.cpp(126): warning C4172: returning address of local variable or temporary
c:\users\samue\documents\workspace\openglframework\openglframework\openglframework\framework\baseobject.cpp(121): warning C4172: returning address of local variable or temporary
  Finished generating code
  Application.vcxproj -> C:\Users\samue\Documents\workspace\OpenGLFramework\OpenGLFramework\Debug\Application.exe
  Application.vcxproj -> C:\Users\samue\Documents\workspace\OpenGLFramework\OpenGLFramework\Debug\Application.pdb (Partial PDB)
