c:\users\yannick\documents\openglframework\openglframework\uiqt\x64\release\uiqt.obj
c:\users\yannick\documents\openglframework\openglframework\uiqt\x64\release\main.obj
c:\users\yannick\documents\openglframework\openglframework\uiqt\x64\release\moc_uiqt.obj
c:\users\yannick\documents\openglframework\openglframework\uiqt\x64\release\scene.obj
c:\users\yannick\documents\openglframework\openglframework\uiqt\x64\release\customshader.obj
c:\users\yannick\documents\openglframework\openglframework\uiqt\x64\release\qrc_uiqt.obj
c:\users\yannick\documents\openglframework\openglframework\uiqt\generatedfiles\release\moc_uiqt.cpp
c:\users\yannick\documents\openglframework\openglframework\uiqt\generatedfiles\ui_uiqt.h
c:\users\yannick\documents\openglframework\openglframework\uiqt\generatedfiles\qrc_uiqt.cpp
c:\users\yannick\documents\openglframework\openglframework\uiqt\x64\release\uiqt.tlog\cl.command.1.tlog
c:\users\yannick\documents\openglframework\openglframework\uiqt\x64\release\uiqt.tlog\cl.read.1.tlog
c:\users\yannick\documents\openglframework\openglframework\uiqt\x64\release\uiqt.tlog\cl.write.1.tlog
c:\users\yannick\documents\openglframework\openglframework\uiqt\x64\release\uiqt.tlog\custombuild.command.1.tlog
c:\users\yannick\documents\openglframework\openglframework\uiqt\x64\release\uiqt.tlog\custombuild.read.1.tlog
c:\users\yannick\documents\openglframework\openglframework\uiqt\x64\release\uiqt.tlog\custombuild.write.1.tlog
c:\users\yannick\documents\openglframework\openglframework\uiqt\x64\release\uiqt.tlog\link.11664.read.1.tlog
c:\users\yannick\documents\openglframework\openglframework\uiqt\x64\release\uiqt.tlog\link.11664.write.1.tlog
c:\users\yannick\documents\openglframework\openglframework\uiqt\x64\release\uiqt.tlog\link.14484.read.1.tlog
c:\users\yannick\documents\openglframework\openglframework\uiqt\x64\release\uiqt.tlog\link.14484.write.1.tlog
c:\users\yannick\documents\openglframework\openglframework\uiqt\x64\release\uiqt.tlog\link.4176.read.1.tlog
c:\users\yannick\documents\openglframework\openglframework\uiqt\x64\release\uiqt.tlog\link.4176.write.1.tlog
c:\users\yannick\documents\openglframework\openglframework\uiqt\x64\release\uiqt.tlog\link.command.1.tlog
c:\users\yannick\documents\openglframework\openglframework\uiqt\x64\release\uiqt.tlog\link.read.1.tlog
c:\users\yannick\documents\openglframework\openglframework\uiqt\x64\release\uiqt.tlog\link.write.1.tlog
