c:\users\samue\documents\workspace\openglframework\openglframework\openglframework\debug\vc140.pdb
c:\users\samue\documents\workspace\openglframework\openglframework\openglframework\debug\vc140.idb
c:\users\samue\documents\workspace\openglframework\openglframework\openglframework\debug\meshloader.obj
c:\users\samue\documents\workspace\openglframework\openglframework\openglframework\debug\shaderloader.obj
c:\users\samue\documents\workspace\openglframework\openglframework\openglframework\debug\textureloader.obj
c:\users\samue\documents\workspace\openglframework\openglframework\openglframework\debug\advancedshader.obj
c:\users\samue\documents\workspace\openglframework\openglframework\openglframework\debug\basicshader.obj
c:\users\samue\documents\workspace\openglframework\openglframework\openglframework\debug\light.obj
c:\users\samue\documents\workspace\openglframework\openglframework\openglframework\debug\mesh.obj
c:\users\samue\documents\workspace\openglframework\openglframework\openglframework\debug\model.obj
c:\users\samue\documents\workspace\openglframework\openglframework\openglframework\debug\skyboxshader.obj
c:\users\samue\documents\workspace\openglframework\openglframework\openglframework\debug\square.obj
c:\users\samue\documents\workspace\openglframework\openglframework\openglframework\debug\triangle.obj
c:\users\samue\documents\workspace\openglframework\openglframework\openglframework\debug\text.obj
c:\users\samue\documents\workspace\openglframework\openglframework\openglframework\debug\textholder.obj
c:\users\samue\documents\workspace\openglframework\openglframework\openglframework\debug\main.obj
c:\users\samue\documents\workspace\openglframework\openglframework\openglframework\debug\planet.obj
c:\users\samue\documents\workspace\openglframework\openglframework\openglframework\debug\sun.obj
c:\users\samue\documents\workspace\openglframework\openglframework\openglframework\debug\meshbank.obj
c:\users\samue\documents\workspace\openglframework\openglframework\openglframework\debug\texturebank.obj
c:\users\samue\documents\workspace\openglframework\openglframework\openglframework\debug\vertex.obj
c:\users\samue\documents\workspace\openglframework\openglframework\openglframework\debug\camera.obj
c:\users\samue\documents\workspace\openglframework\openglframework\openglframework\debug\opengl.obj
c:\users\samue\documents\workspace\openglframework\openglframework\openglframework\debug\skybox.obj
c:\users\samue\documents\workspace\openglframework\openglframework\openglframework\debug\inputhandler.obj
c:\users\samue\documents\workspace\openglframework\openglframework\openglframework\debug\openglframework.pdb
c:\users\samue\documents\workspace\openglframework\openglframework\openglframework\debug\openglframework.idb
c:\users\samue\documents\workspace\openglframework\openglframework\openglframework\debug\composite.obj
c:\users\samue\documents\workspace\openglframework\openglframework\openglframework\debug\scene.obj
c:\users\samue\documents\workspace\openglframework\openglframework\openglframework\debug\window.obj
c:\users\samue\documents\workspace\openglframework\openglframework\debug\openglframework.lib
c:\users\samue\documents\workspace\openglframework\openglframework\debug\openglframework.ilk
c:\users\samue\documents\workspace\openglframework\openglframework\debug\openglframework.exe
c:\users\samue\documents\workspace\openglframework\openglframework\debug\openglframework.pdb
c:\users\samue\documents\workspace\openglframework\openglframework\openglframework\debug\openglframework.tlog\cl.command.1.tlog
c:\users\samue\documents\workspace\openglframework\openglframework\openglframework\debug\openglframework.tlog\cl.read.1.tlog
c:\users\samue\documents\workspace\openglframework\openglframework\openglframework\debug\openglframework.tlog\cl.write.1.tlog
c:\users\samue\documents\workspace\openglframework\openglframework\openglframework\debug\openglframework.tlog\lib-link.read.1.tlog
c:\users\samue\documents\workspace\openglframework\openglframework\openglframework\debug\openglframework.tlog\lib-link.write.1.tlog
c:\users\samue\documents\workspace\openglframework\openglframework\openglframework\debug\openglframework.tlog\lib.command.1.tlog
c:\users\samue\documents\workspace\openglframework\openglframework\openglframework\debug\openglframework.tlog\link.command.1.tlog
c:\users\samue\documents\workspace\openglframework\openglframework\openglframework\debug\openglframework.tlog\link.read.1.tlog
c:\users\samue\documents\workspace\openglframework\openglframework\openglframework\debug\openglframework.tlog\link.write.1.tlog
